189 4289 1
925 4297 1
112 3783 1
1029 3553 1
431 4292 1
469 3546 1
774 3549 1
1169 4242 1
172 3545 1
113 4024 1
668 4294 1
423 3307 1
800 1436 1
2036 2747 1
837 553 1
2794 2796 1
760 1923 1
1940 379 1
1162 2690 1
1137 1094 1
3718 3398 1
3575 3723 1
1370 396 1
1215 882 1
3273 2956 1
691 2938 1
2163 393 1
3700 2849 1
2693 3310 1
1695 2724 1
3149 3312 1
837 2308 1
678 1049 1
846 2601 1
2032 3305 1
3880 3681 1
885 1752 1
2256 2761 1
1492 123 1
2485 3309 1
1602 3188 1
619 775 1
1300 652 1
3519 3356 1
1484 2887 1
2232 3327 1
2994 2757 1
2466 2774 1
880 2870 1
603 2510 1
3714 3160 1
1025 1273 1
1369 2703 1
630 562 1
1105 581 1
3485 2981 1
1770 3305 1
2076 191 1
2902 3311 1
818 1221 1
469 2941 1
2311 3781 1
1372 3552 1
1778 3552 1
1876 4302 1
1348 3793 1
1503 4302 1
2313 4043 1
1347 4116 1
1979 3552 1
1572 3552 1
2557 4160 1
3031 3931 1
2804 3554 1
3031 3701 1
2554 3951 1
3001 3486 1
485 3887 1
624 4233 1
379 4008 1
815 3992 1
222 3755 1
988 3803 1
972 4216 1
650 2850 1
371 2777 1
870 1065 1
1807 3959 1
2117 4154 1
1457 3914 1
2048 3699 1
1715 3852 1
1967 3926 1
2035 2973 1
2665 3083 1
2998 2922 1
3047 2983 1
2414 3160 1
1739 2883 1
1818 3024 1
2250 2868 1
2863 3090 1
2205 3006 1
2498 2971 1
2796 3718 1
2763 3913 1
3404 3245 1
616 3356 1
794 3269 1
1477 3286 1
1260 3292 1
916 3310 1
740 1800 1
957 1941 1
928 1643 1
1421 4318 1
2250 423 1
2650 3526 1
2557 4235 1
3238 2863 1
2226 7731 2
3694 326 2
7163 8126 2
2414 20508 8
3174 716 2
603 5671 2
7746 7801 2
1475 4271 2
4429 8610 2
4417 7106 2
6068 8429 2
5086 7337 2
5602 8622 2
7060 9149 2
1425 7703 2
1908 1823 2
3440 8409 2
5750 8221 2
2430 25658 8
4404 584 2
7222 8422 2
