1585 -4946 1
1447 -4880 1
1244 -4937 1
1223 -5049 1
1585 -5134 1
1214 -5216 1
1405 -5490 1
1585 -5301 1
1312 -5376 1
1555 -5436 1
1345 -4880 1
1438 -1487 1
1654 -1314 1
1269 -1425 1
1635 -1536 1
1654 -1204 1
1367 -1045 1
1230 -1153 1
1531 -1044 1
1649 -1075 1
1538 -1494 1
1654 -1433 1
1959 -3749 1
1959 -3544 1
1364 -3281 1
1959 -2851 1
1364 -3579 1
1712 -2594 1
1364 -3166 1
1959 -3294 1
1364 -3003 1
1461 -2594 1
1364 -3389 1
1423 -3761 1
1364 -2854 1
1783 -3777 1
1364 -2651 1
1959 -2638 1
1888 -3826 1
1959 -3645 1
1959 -3431 1
1580 -2594 1
1959 -2955 1
1959 -2743 1
1959 -3174 1
1364 -2752 1
1364 -3680 1
1864 -4180 1
1951 -4092 1
2025 -4164 1
1909 -5214 1
1910 -5096 1
2052 -5485 1
2058 -4947 1
2058 -5090 1
2058 -5191 1
2058 -5374 1
2016 -4840 1
1924 -4880 1
1910 -4984 1
2069 -4539 1
1965 -4576 1
2113 -1807 1
1987 -1864 1
2092 -1503 1
1989 -1160 1
2119 -1313 1
2119 -1112 1
1989 -1382 1
1989 -1275 1
2022 -1064 1
2119 -1212 1
2413 -1811 1
2410 -5025 1
2550 -5024 1
2410 -4898 1
2550 -5204 1
2409 -5236 1
2514 -5415 1
2550 -4879 1
2409 -5348 1
2550 -5309 1
2409 -5124 1
2455 -1262 1
2574 -1415 1
2454 -1502 1
2574 -1244 1
2461 -1065 1
2454 -1371 1
2503 -4222 1
3005 -5085 1
3005 -5296 1
2879 -4973 1
2879 -5198 1
3005 -4982 1
2934 -5484 1
2879 -5302 1
2907 -4873 1
3004 -5396 1
2879 -5085 1
3005 -5195 1
3026 -1065 1
2914 -1239 1
3039 -1192 1
2914 -1084 1
3039 -1411 1
2914 -1407 1
3006 -1526 1
3039 -1308 1
3474 -4888 1
3349 -4902 1
3474 -5118 1
3349 -5113 1
3400 -5461 1
3349 -5337 1
3474 -5262 1
3474 -4998 1
3474 -5370 1
3349 -5219 1
3349 -5005 1
3499 -1086 1
3384 -1294 1
3499 -1295 1
3384 -1185 1
3399 -1508 1
3499 -1488 1
3386 -1064 1
3384 -1400 1
3499 -1193 1
3673 -4574 1
3804 -4543 1
3475 -4504 1
3453 -4611 1
3571 -4564 1
3723 -1820 1
3844 -1791 1
3622 -1820 1
3804 -5202 1
3871 -5494 1
3805 -5050 1
3940 -5344 1
3856 -4849 1
3940 -5010 1
3940 -5225 1
3940 -5122 1
3804 -5314 1
3805 -4945 1
3940 -4908 1
3959 -1486 1
3835 -1149 1
3959 -1333 1
3959 -1089 1
3835 -1291 1
3959 -1227 1
3904 -4206 1
4270 -4922 1
4269 -5160 1
4395 -5121 1
4395 -5258 1
4269 -5318 1
4391 -4866 1
4366 -5428 1
4395 -4995 1
4269 -5047 1
4391 -1060 1
4429 -1199 1
4299 -1276 1
4398 -1534 1
4429 -1425 1
4299 -1105 1
4429 -1324 1
4874 -5287 1
4874 -5157 1
4739 -4933 1
4739 -5368 1
4739 -5129 1
4793 -4832 1
4848 -5405 1
4874 -4973 1
4739 -5264 1
4794 -5494 1
4899 -1430 1
4764 -1250 1
4899 -1179 1
4785 -1522 1
4764 -1090 1
4899 -1288 1
4764 -1411 1
4868 -1074 1
4810 -4193 1
4868 -1825 1
5105 -1828 1
4998 -1829 1
4918 -4553 1
5209 -1784 1
5227 -4538 1
5335 -5135 1
5209 -5130 1
5214 -5392 1
5209 -4924 1
5335 -4942 1
5335 -5350 1
5209 -5278 1
5290 -5475 1
5209 -5026 1
5335 -5237 1
5229 -1545 1
5230 -1203 1
5334 -1466 1
5334 -1200 1
5334 -1310 1
5235 -1094 1
5230 -1429 1
5230 -1320 1
5291 -4198 1
7861 -4217 1
7120 -4611 1
8275 -4607 1
6438 -4277 1
8270 -1444 1
7377 -4117 1
7114 -3719 1
7278 -4602 1
7161 -3472 1
8525 -1790 1
7119 -2475 1
7435 -3419 1
5774 -3619 1
7119 -2215 1
5773 -3293 1
8127 -4605 1
8709 -4609 1
6478 -3409 1
7114 -4397 1
6393 -3724 1
8003 -1044 1
9374 -3286 1
5773 -2454 1
8789 -4267 1
8665 -4505 1
8726 -2761 1
8789 -4007 1
6444 -2648 1
6444 -2958 1
6065 -4059 1
8794 -3038 1
8448 -3662 1
8717 -2606 1
6434 -2509 1
8507 -4520 1
8794 -2042 1
7902 -1630 1
8364 -4381 1
7981 -849 1
7552 -4383 1
6131 -2713 1
7135 -2044 1
8482 -2736 1
7703 -1268 1
9374 -3088 1
7901 -4604 1
7601 -4602 1
6132 -3127 1
9253 -4569 1
7163 -1789 1
5750 -2226 1
8302 -1672 1
7114 -4025 1
8433 -1940 1
7452 -2601 1
8896 -4606 1
8784 -3574 1
8491 -2343 1
7231 -3773 1
8539 -4107 1
7154 -2793 1
6044 -2507 1
7843 -1934 1
8096 -4168 1
7138 -4244 1
8681 -1910 1
8370 -1388 1
8087 -1456 1
6444 -2151 1
6431 -4042 1
6976 -3190 1
7829 -1448 1
8508 -3054 1
8347 -2132 1
7268 -3368 1
8757 -2176 1
7554 -1344 1
7359 -1789 1
8877 -1790 1
6453 -3558 1
9054 -4569 1
5774 -3929 1
8104 -1709 1
8370 -1276 1
8126 -1885 1
7711 -1753 1
7271 -2305 1
6045 -2927 1
7494 -2791 1
8137 -2248 1
8056 -1171 1
6365 -2275 1
6062 -3745 1
8460 -4023 1
6259 -3189 1
7559 -2001 1
9037 -3183 1
9068 -3282 1
8293 -4204 1
7160 -2969 1
9167 -3057 1
6044 -3939 1
6066 -3367 1
7504 -2960 1
7743 -2249 1
5773 -2889 1
8782 -2434 1
8586 -4608 1
7238 -4069 1
6444 -2854 1
8688 -2338 1
7802 -4494 1
7688 -1414 1
5801 -4160 1
6720 -3285 1
8753 -3851 1
6082 -3586 1
7445 -3682 1
5773 -2615 1
8766 -4389 1
7751 -4602 1
7233 -2629 1
8394 -2490 1
7114 -3873 1
7754 -4134 1
7912 -1134 1
7518 -3944 1
8737 -1790 1
7890 -2138 1
8690 -3036 1
6434 -3852 1
5774 -3768 1
8789 -3448 1
6013 -4155 1
6336 -2770 1
8663 -4073 1
7003 -1806 1
5865 -2220 1
8250 -2225 1
8458 -2220 1
7393 -4512 1
7471 -3828 1
6983 -4545 1
8789 -2867 1
8290 -4451 1
5682 -4129 1
8789 -3735 1
8924 -3256 1
7119 -2678 1
8062 -2171 1
8125 -1246 1
8001 -1538 1
7225 -4478 1
8689 -3702 1
7508 -1684 1
8268 -1908 1
7688 -1878 1
7473 -4201 1
6872 -3259 1
5773 -3493 1
7270 -1889 1
7524 -2484 1
7556 -1111 1
7478 -2192 1
6551 -3330 1
8395 -2844 1
7990 -2043 1
6488 -3945 1
7099 -3385 1
6137 -3296 1
8392 -4608 1
6354 -3628 1
6762 -3119 1
8394 -3564 1
8380 -4257 1
5773 -2757 1
7890 -4407 1
8545 -3357 1
6548 -3073 1
7427 -3034 1
7658 -4494 1
8052 -1955 1
6362 -3108 1
8096 -957 1
6501 -3753 1
8201 -4519 1
9283 -3334 1
5760 -4049 1
8861 -1905 1
5975 -2230 1
6330 -4142 1
6044 -3469 1
8344 -1523 1
8794 -2311 1
7601 -1647 1
8908 -3153 1
8691 -3410 1
7806 -1717 1
6096 -2816 1
8438 -1708 1
9170 -3373 1
7076 -1931 1
7146 -3623 1
8789 -4129 1
9374 -4531 1
6445 -4164 1
6150 -4147 1
8207 -1754 1
7119 -2357 1
8209 -4134 1
7474 -4602 1
8007 -4604 1
6044 -2370 1
7860 -882 1
7448 -4028 1
6047 -2626 1
8850 -3328 1
6135 -3672 1
8172 -1394 1
5773 -2326 1
8697 -4173 1
8446 -4174 1
7554 -1234 1
8410 -4476 1
8341 -1983 1
8794 -2669 1
8630 -1790 1
7114 -4131 1
8644 -2677 1
9374 -3388 1
7898 -1523 1
6058 -3051 1
9263 -3089 1
7119 -2576 1
5773 -3001 1
5901 -4155 1
8794 -2533 1
5773 -3392 1
7212 -4170 1
8224 -1263 1
6444 -2752 1
8035 -1634 1
8603 -3089 1
5799 -4962 1
5794 -5393 1
5664 -4919 1
5799 -5285 1
5799 -5129 1
5664 -5048 1
5664 -5382 1
5719 -5478 1
5784 -4861 1
5689 -1509 1
5804 -1161 1
5804 -1316 1
5690 -1277 1
5804 -1472 1
5690 -1146 1
5690 -1407 1
6129 -5158 1
6269 -5334 1
6129 -4922 1
6129 -5278 1
6182 -5438 1
6224 -4889 1
6129 -5048 1
6269 -5202 1
6145 -1221 1
6264 -1484 1
6264 -1236 1
6144 -1362 1
6264 -1345 1
6189 -1094 1
6489 -4459 1
6649 -4619 1
6461 -4564 1
6559 -4530 1
6519 -1900 1
6600 -4893 1
6599 -5172 1
6724 -4992 1
6724 -5134 1
6599 -5375 1
6599 -5021 1
6645 -5473 1
6758 -5286 1
6702 -5389 1
6710 -4889 1
6599 -5273 1
6734 -1374 1
6604 -1334 1
6646 -1532 1
6769 -1171 1
6604 -1439 1
6734 -1264 1
6734 -1480 1
6696 -1095 1
6674 -1783 1
7072 -1095 1
7118 -1199 1
7050 -5333 1
7154 -5353 1
7080 -5445 1
7555 -886 1
7620 -990 1
7696 -920 1
8243 -921 1
8369 -894 1
8369 -1005 1
8744 -5353 1
8809 -5262 1
8839 -5421 1
8750 -1158 1
8838 -1085 1
9174 -5101 1
9142 -5267 1
9229 -4861 1
9300 -4999 1
9210 -5414 1
9300 -5109 1
9175 -4945 1
9265 -5516 1
9183 -1298 1
9309 -1111 1
9309 -1363 1
9184 -1413 1
9286 -1516 1
9309 -1235 1
9174 -1154 1
9210 -1825 1
9375 -1872 1
1379 -5074 1
1446 -5251 1
1433 -5413 1
1529 -5078 1
1313 -5293 1
1347 -5126 1
1452 -5151 1
1460 -1251 1
1607 -1268 1
1340 -1386 1
1574 -1179 1
1546 -1323 1
1381 -1387 1
1352 -1277 1
1592 -3582 1
1537 -3323 1
1673 -2856 1
1716 -3596 1
1810 -2937 1
1885 -2813 1
1884 -3712 1
1542 -3510 1
1701 -3395 1
1818 -2795 1
1511 -3474 1
1759 -3411 1
1622 -2664 1
1540 -3094 1
1488 -2840 1
1794 -3483 1
1778 -3097 1
1761 -3198 1
1697 -2779 1
1489 -2922 1
1721 -3210 1
1814 -3258 1
1850 -3650 1
1663 -3302 1
1654 -3482 1
1624 -2920 1
1463 -2997 1
1436 -3615 1
1695 -2987 1
1744 -2686 1
1541 -3667 1
1817 -3388 1
1393 -3484 1
1856 -3037 1
1434 -3095 1
1860 -3151 1
4752 -5097 1
5932 -3865 1
5954 -3577 1
5880 -4074 1
5887 -2795 1
5951 -2308 1
5979 -3743 1
5906 -4031 1
5921 -3174 1
5848 -2434 1
5915 -3528 1
5913 -2848 1
5958 -3235 1
5843 -2686 1
5905 -3296 1
5975 -3047 1
5852 -3411 1
5981 -2715 1
6021 -3391 1
5882 -3646 1
5831 -3848 1
5939 -2946 1
5949 -2407 1
6033 -3840 1
5830 -2534 1
6533 -3249 1
6397 -3118 1
6421 -3221 1
7100 -4444 1
7591 -2350 1
7966 -2320 1
7657 -3083 1
7176 -3226 1
7633 -3184 1
7613 -2300 1
7826 -2401 1
8137 -2588 1
8298 -3764 1
7894 -2504 1
8130 -2666 1
7512 -3174 1
7526 -3352 1
8500 -3202 1
8224 -3025 1
7642 -3469 1
7592 -3074 1
8033 -2815 1
7818 -2243 1
8302 -3115 1
8302 -4021 1
7723 -2328 1
7720 -4036 1
7851 -2910 1
7527 -4048 1
7712 -2709 1
7686 -2557 1
7816 -2745 1
7576 -2789 1
8604 -3300 1
7802 -3570 1
8389 -2253 1
7875 -3022 1
8355 -2326 1
8306 -2772 1
8173 -2988 1
7823 -3870 1
7884 -2568 1
7959 -2866 1
8790 -3269 1
8623 -3247 1
7994 -3549 1
8073 -3630 1
7964 -4117 1
7971 -2478 1
8002 -2551 1
8313 -3255 1
8117 -2428 1
8029 -3940 1
7812 -3262 1
7923 -3503 1
7917 -3247 1
7179 -3143 1
7788 -2962 1
8081 -3091 1
8212 -3665 1
7753 -3339 1
8257 -3599 1
8006 -3842 1
8196 -3933 1
8234 -3795 1
8061 -3372 1
7826 -3656 1
7441 -3217 1
7940 -3325 1
8108 -3555 1
7927 -3083 1
8151 -2912 1
8468 -3178 1
7579 -3333 1
7830 -2591 1
7888 -3752 1
8763 -3190 1
8321 -3382 1
7770 -4011 1
7915 -4104 1
8191 -3118 1
7619 -3710 1
8074 -3807 1
7753 -2822 1
8471 -3319 1
7983 -2943 1
8165 -4063 1
7967 -3972 1
8350 -2558 1
7347 -3173 1
7675 -3825 1
7654 -3635 1
7645 -2404 1
8280 -2729 1
8371 -2632 1
7654 -4085 1
8166 -2873 1
7815 -3080 1
7809 -3488 1
7867 -3996 1
7786 -2531 1
7580 -2828 1
8315 -3725 1
7912 -3709 1
7917 -2702 1
8131 -3445 1
7388 -3351 1
8290 -2596 1
7593 -3949 1
8048 -3152 1
7691 -3130 1
7865 -3406 1
8204 -2752 1
8055 -4076 1
8294 -3890 1
7471 -3828 1
7709 -3689 1
7709 -3248 1
8342 -4144 1
7319 -3205 1
7699 -3921 1
8220 -2895 1
7576 -3808 1
8396 -3002 1
8043 -3251 1
7780 -3779 1
8009 -3724 1
7960 -2208 1
8020 -2716 1
8073 -2988 1
8234 -3326 1
8130 -3721 1
7523 -2638 1
7627 -2636 1
7607 -2975 1
8400 -3104 1
8392 -3792 1
7505 -2287 1
7542 -3459 1
7993 -4210 1
8259 -2367 1
7525 -1763 1
7604 -1878 1
7899 -1340 1
8015 -1443 1
8021 -1361 1
7933 -1278 1
7810 -1369 1
7761 -1843 1
7875 -1760 1
7939 -1753 1
7912 -1851 1
7925 -4548 1
7971 -881 1
8395 -1866 1
8368 -1752 1
8698 -4514 1
9140 -3246 1
9278 -3156 1
9256 -5247 1
9244 -4782 1
4665 -1415 1
1868 -3956 1
6536 -4286 1
2327 -4874 1
9164 -4542 1
5922 -1343 1
9017 -1151 1
8978 -3082 1
1681 -2498 1
5547 -4250 1
1410 -3881 1
5224 -1720 1
6503 -5142 1
4249 -5444 1
3258 -5039 1
2421 -4548 1
2566 -4785 1
6046 -1225 1
5419 -1137 1
5344 -5540 1
6870 -1233 1
2105 -5540 1
6033 -5224 1
4057 -1066 1
7514 -1514 1
3287 -1177 1
7236 -1728 1
3330 -1803 1
7060 -3575 1
3610 -4488 1
9417 -1468 1
6720 -1006 1
7056 -5574 1
4533 -1506 1
6823 -1518 1
5258 -4840 1
5183 -4567 1
3360 -1765 1
3681 -1730 1
3046 -979 1
1348 -951 1
8004 -4725 1
5900 -5050 1
2218 -1395 1
8120 -1126 1
2448 -1815 1
4671 -1054 1
5386 -4264 1
3458 -1755 1
1190 -1128 1
4486 -5226 1
8296 -1003 1
9420 -4478 1
9296 -5624 1
4672 -4627 1
2373 -4107 1
8861 -4333 1
5358 -1566 1
5847 -1076 1
2544 -4611 1
7459 -1175 1
8655 -5307 1
9453 -2003 1
2097 -1719 1
5301 -5542 1
4724 -4783 1
4698 -1280 1
9077 -5192 1
5421 -1356 1
2365 -1753 1
5908 -4274 1
6369 -5118 1
6575 -4685 1
3871 -1890 1
5332 -4504 1
6538 -2101 1
4478 -5016 1
6466 -1810 1
6563 -2716 1
4877 -1723 1
8881 -2762 1
2360 -5457 1
8479 -879 1
2262 -1808 1
8889 -2506 1
6648 -2393 1
2931 -4804 1
1413 -1568 1
1919 -5495 1
3828 -4598 1
7199 -1180 1
5259 -4152 1
2689 -1202 1
8329 -1099 1
9139 -4686 1
9352 -4920 1
7732 -840 1
3090 -4933 1
1789 -3884 1
4977 -4520 1
2783 -5168 1
1659 -4941 1
3750 -4659 1
7014 -3873 1
2827 -1286 1
2042 -3377 1
1269 -3134 1
4674 -1514 1
6077 -5362 1
7050 -2097 1
6310 -2866 1
5887 -5500 1
6354 -4866 1
5137 -1168 1
1132 -5090 1
4291 -1575 1
6624 -2481 1
8851 -3915 1
2073 -2613 1
3967 -5535 1
1812 -5080 1
9039 -5352 1
5863 -4911 1
8446 -1593 1
4544 -1169 1
6669 -5587 1
5889 -1063 1
6099 -1523 1
7183 -5259 1
5135 -1397 1
4031 -1417 1
5581 -4862 1
5689 -2560 1
2178 -4939 1
7114 -4751 1
5681 -3751 1
5119 -1223 1
7377 -4629 1
8658 -1694 1
2362 -1428 1
4475 -4878 1
2185 -1251 1
8852 -2378 1
2001 -4556 1
6124 -2449 1
1945 -1588 1
4486 -1054 1
6260 -2704 1
9328 -1608 1
7057 -1756 1
3711 -5350 1
5890 -1179 1
4228 -1122 1
6947 -1245 1
2057 -4251 1
6304 -2195 1
8888 -1244 1
4209 -1314 1
6250 -4200 1
2573 -1512 1
8425 -991 1
9207 -3562 1
1740 -1264 1
2309 -5128 1
7274 -5295 1
3124 -1074 1
8943 -3339 1
5022 -1946 1
2649 -5202 1
6970 -3388 1
9361 -4824 1
4996 -1179 1
6300 -2611 1
6257 -4815 1
9398 -4619 1
1926 -2535 1
6794 -5062 1
3771 -5496 1
6926 -1797 1
8652 -1179 1
2404 -4778 1
2367 -1215 1
7122 -5119 1
5614 -5223 1
6216 -5572 1
3986 -1558 1
6816 -1824 1
5105 -5064 1
4706 -1596 1
2351 -2179 1
2802 -4888 1
4474 -4611 1
2567 -4353 1
4532 -1578 1
5605 -4065 1
6592 -1030 1
7073 -2707 1
5710 -5602 1
6316 -1558 1
8465 -809 1
9408 -2180 1
9141 -1497 1
9138 -4501 1
3738 -4252 1
1638 -5143 1
8109 -4689 1
3259 -5262 1
6076 -4848 1
2579 -2198 1
9374 -2991 1
9190 -5529 1
9351 -5485 1
1279 -3377 1
1287 -1550 1
9085 -3426 1
6027 -5048 1
5250 -4654 1
5687 -4214 1
9081 -4921 1
2309 -5030 1
3543 -4212 1
4060 -4257 1
3932 -1748 1
5208 -4150 1
7422 -1470 1
3576 -4251 1
2128 -5051 1
3811 -1523 1
3378 -4203 1
9467 -3339 1
9450 -4329 1
6287 -5503 1
1810 -5200 1
6539 -1505 1
1329 -3822 1
4426 -4568 1
5392 -5060 1
3759 -1221 1
3569 -1156 1
6501 -4176 1
2467 -4351 1
2469 -1762 1
3929 -4618 1
6364 -5019 1
1893 -1145 1
9324 -4676 1
8610 -1677 1
4515 -1337 1
6362 -3026 1
5344 -5610 1
4878 -1608 1
2047 -3113 1
6979 -1939 1
9206 -1040 1
2112 -4858 1
2477 -1615 1
8867 -2613 1
5115 -4801 1
9097 -4826 1
6186 -2329 1
4851 -5561 1
3507 -1584 1
3237 -4231 1
4990 -5199 1
6540 -3589 1
6608 -3915 1
4976 -4182 1
1784 -2491 1
5068 -4138 1
1431 -2489 1
6813 -3049 1
2500 -5575 1
5643 -1454 1
1749 -4288 1
6638 -3376 1
3067 -5046 1
2484 -1887 1
6128 -2190 1
6484 -2097 1
5601 -5445 1
2210 -1892 1
3713 -4906 1
9323 -1950 1
9459 -2953 1
3907 -5542 1
5677 -3686 1
6576 -3423 1
5336 -4371 1
6466 -1997 1
3595 -1507 1
9336 -4422 1
6793 -2304 1
2366 -4522 1
1204 -4835 1
9426 -3182 1
2887 -5490 1
4039 -5119 1
5689 -2938 1
9310 -2242 1
6470 -4642 1
3476 -2033 1
5596 -1241 1
1285 -3822 1
6685 -1634 1
9405 -1566 1
2803 -5017 1
7030 -2592 1
3780 -4748 1
3136 -1169 1
2073 -3017 1
2076 -1905 1
4482 -5495 1
4181 -4997 1
3499 -4792 1
2945 -1573 1
7020 -1681 1
7355 -4655 1
6947 -1166 1
9167 -3610 1
4644 -1794 1
2504 -2025 1
6046 -1336 1
3389 -1859 1
2142 -5170 1
6733 -4059 1
7141 -1738 1
6496 -1784 1
6110 -1108 1
3897 -1029 1
3022 -4880 1
3070 -1679 1
9409 -2040 1
5499 -4161 1
8903 -5492 1
6061 -1563 1
4041 -5212 1
2358 -5301 1
9410 -5146 1
1903 -1249 1
6539 -4408 1
2895 -1758 1
6557 -1550 1
2349 -1389 1
8403 -1162 1
2860 -1490 1
2813 -5456 1
4244 -5580 1
1260 -5430 1
5127 -5334 1
2311 -4514 1
9201 -3028 1
3453 -5569 1
6290 -1803 1
6124 -2580 1
6415 -4373 1
3339 -1597 1
1641 -5372 1
2000 -1727 1
4197 -1277 1
9457 -2403 1
5702 -3342 1
5327 -1758 1
6530 -1731 1
8937 -5269 1
6539 -1585 1
1271 -2632 1
6654 -4706 1
9065 -1437 1
3846 -2182 1
1179 -1442 1
2823 -4789 1
4418 -4470 1
6740 -2219 1
5312 -4119 1
7546 -929 1
3460 -4271 1
5880 -1448 1
8845 -5623 1
4237 -4183 1
2726 -2254 1
7231 -1251 1
6057 -1095 1
1448 -5562 1
2089 -2710 1
6222 -4547 1
4974 -1585 1
5174 -1897 1
4959 -1277 1
6239 -1789 1
3236 -1782 1
8835 -4172 1
1966 -1479 1
1661 -5067 1
3463 -2200 1
2645 -2096 1
3736 -1457 1
9459 -3500 1
2483 -996 1
4620 -4237 1
6763 -2568 1
5987 -4635 1
2612 -5424 1
2050 -1653 1
8372 -782 1
2372 -1890 1
1637 -4189 1
1925 -4338 1
3862 -1607 1
2783 -5271 1
8904 -1362 1
1831 -5331 1
2472 -4105 1
6034 -1392 1
2021 -2813 1
6196 -1003 1
6809 -4924 1
2612 -1358 1
5301 -1072 1
1596 -4136 1
3924 -2281 1
1310 -3256 1
8663 -1086 1
2796 -1875 1
9114 -1820 1
6840 -1741 1
6950 -4469 1
6668 -2216 1
2801 -1767 1
5437 -1301 1
8226 -4693 1
8842 -2067 1
2042 -3253 1
4937 -4501 1
4839 -4478 1
1941 -1430 1
6774 -2343 1
4333 -4470 1
3548 -1905 1
9129 -3700 1
2194 -1129 1
3376 -4507 1
2148 -4830 1
4193 -5223 1
7971 -768 1
2322 -4203 1
3383 -4118 1
3368 -2197 1
6715 -2789 1
3765 -4509 1
2657 -1057 1
6836 -4133 1
6534 -1937 1
2557 -5532 1
5557 -2249 1
9097 -3036 1
5419 -2248 1
2450 -4454 1
3908 -1877 1
3181 -4204 1
1322 -5504 1
2056 -3525 1
9491 -4587 1
5243 -4412 1
7232 -5237 1
6518 -4988 1
1529 -1723 1
7151 -1053 1
9158 -2705 1
6828 -4495 1
9082 -3787 1
1579 -1616 1
2660 -1466 1
1859 -4674 1
8826 -4679 1
6351 -2372 1
4869 -4405 1
3345 -5558 1
5675 -2308 1
9166 -5421 1
6878 -5292 1
5861 -4799 1
6539 -3814 1
6165 -2926 1
8300 -806 1
1717 -1580 1
1888 -4352 1
3683 -4150 1
6944 -3139 1
8786 -1710 1
6020 -4657 1
6541 -2838 1
1969 -4751 1
7893 -777 1
3597 -1288 1
4702 -5532 1
3198 -1727 1
4984 -1770 1
8041 -784 1
7730 -4698 1
4952 -4839 1
7616 -4659 1
3296 -5135 1
5728 -3177 1
1844 -4072 1
6301 -5571 1
2969 -5596 1
4823 -4250 1
5431 -4945 1
8676 -4700 1
3990 -5401 1
2022 -4022 1
1542 -4650 1
3708 -5034 1
2631 -4809 1
4207 -4214 1
2854 -2251 1
3800 -4167 1
9376 -2374 1
5589 -4982 1
7020 -2359 1
6364 -2098 1
5658 -2815 1
4876 -5526 1
9015 -1832 1
2256 -2236 1
2840 -4201 1
1548 -4502 1
6530 -2250 1
2933 -1007 1
3020 -4819 1
1881 -1540 1
5136 -5436 1
3717 -1388 1
7041 -2722 1
4782 -4258 1
8754 -1257 1
6586 -2981 1
7897 -4690 1
1320 -2548 1
3737 -5230 1
7018 -2234 1
9116 -5060 1
1591 -4733 1
9354 -5276 1
2590 -4167 1
6871 -3378 1
3745 -5176 1
8888 -2860 1
1147 -1221 1
1165 -4975 1
2065 -3809 1
2648 -1360 1
5954 -2143 1
6554 -3629 1
9443 -3609 1
7005 -2418 1
8897 -4134 1
3810 -4725 1
2305 -4096 1
7262 -1068 1
5138 -5218 1
9401 -3972 1
3761 -2289 1
6785 -3377 1
7001 -5495 1
3545 -5438 1
6747 -3572 1
3477 -4427 1
4549 -4623 1
3425 -4761 1
4637 -4165 1
9471 -4631 1
4240 -1012 1
3095 -4480 1
6144 -5624 1
4361 -1861 1
9306 -4227 1
6540 -4087 1
9474 -4373 1
5251 -4356 1
3250 -2191 1
8885 -3468 1
3757 -1032 1
4862 -2030 1
5835 -1740 1
9452 -3755 1
3340 -1353 1
1571 -4420 1
3083 -1565 1
9388 -4186 1
2748 -4162 1
4186 -5361 1
3522 -5554 1
4659 -5168 1
3672 -2249 1
3101 -5271 1
1755 -1219 1
5635 -1052 1
9438 -4087 1
4027 -5016 1
7121 -1432 1
8929 -1457 1
3275 -2224 1
3046 -1944 1
8877 -3965 1
8765 -5505 1
4290 -4124 1
5698 -2155 1
2055 -2154 1
3144 -1932 1
3872 -1998 1
2228 -1063 1
3037 -1628 1
3623 -2197 1
1926 -2220 1
3101 -4814 1
2113 -5604 1
5699 -2419 1
8925 -5430 1
8916 -3761 1
3293 -4902 1
5687 -3970 1
2044 -3979 1
1125 -5224 1
1527 -3862 1
9095 -1917 1
2726 -1892 1
1745 -1395 1
4478 -4099 1
6719 -4156 1
2777 -5335 1
2842 -4666 1
5414 -1098 1
5782 -4581 1
2135 -4796 1
2811 -1373 1
3726 -1540 1
9143 -1919 1
9237 -4187 1
1679 -3852 1
1668 -4680 1
3100 -5375 1
2739 -2125 1
2197 -1494 1
9438 -3760 1
3146 -4221 1
2701 -4128 1
1732 -2180 1
4514 -1901 1
7127 -1500 1
5268 -1663 1
5215 -4728 1
5968 -4604 1
2048 -1934 1
5647 -1750 1
2429 -2042 1
3209 -1909 1
2823 -4270 1
6335 -1429 1
3572 -5108 1
3581 -2123 1
8435 -1442 1
9295 -4432 1
6385 -1939 1
3047 -4167 1
4807 -2198 1
3076 -4613 1
6767 -3489 1
4223 -1457 1
5848 -4628 1
5872 -1962 1
3758 -1087 1
1399 -4768 1
1596 -2218 1
9339 -1196 1
9364 -2419 1
3940 -5607 1
1225 -4475 1
1198 -4139 1
4365 -1949 1
4175 -4560 1
4828 -2227 1
3741 -4483 1
4139 -4636 1
8842 -1370 1
8741 -5596 1
1260 -3474 1
1130 -4239 1
4829 -2163 1
4039 -4121 1
3632 -4121 1
8862 -2979 1
9095 -3597 1
3906 -1980 1
7251 -5025 1
8917 -1962 1
5583 -5321 1
6703 -2146 1
6714 -3524 1
6167 -4512 1
1709 -2094 1
2036 -2852 1
5317 -2227 1
4512 -4440 1
7145 -5518 1
2762 -4651 1
9370 -4238 1
4715 -5602 1
5225 -2219 1
4576 -1916 1
3840 -1640 1
3503 -2271 1
3589 -1338 1
4136 -2235 1
1450 -4107 1
9390 -3807 1
1502 -2190 1
1467 -4410 1
4348 -5525 1
7041 -3544 1
4379 -4655 1
6305 -1030 1
6327 -4635 1
3303 -1683 1
2992 -2147 1
3878 -4493 1
1572 -4616 1
5264 -2104 1
1496 -4589 1
7060 -1367 1
3794 -2096 1
3102 -2137 1
7219 -4936 1
6036 -5388 1
1121 -4882 1
1283 -2535 1
7176 -5550 1
9324 -5555 1
3276 -4129 1
2561 -5583 1
4019 -5365 1
4132 -1851 1
2870 -2136 1
6114 -5532 1
6809 -2359 1
5349 -2110 1
4211 -4090 1
4435 -5547 1
7218 -5182 1
8884 -2318 1
6339 -5449 1
6989 -1253 1
3599 -1546 1
6207 -4283 1
6364 -1572 1
3050 -1755 1
5811 -5536 1
2795 -4557 1
6780 -5433 1
4953 -4091 1
1578 -1887 1
3447 -1721 1
3057 -4095 1
3230 -4118 1
2137 -5424 1
7027 -4193 1
1445 -1668 1
5085 -2251 1
4185 -1831 1
7003 -1396 1
5826 -5568 1
7011 -1503 1
5655 -3176 1
4384 -1789 1
3841 -5615 1
5025 -2200 1
2946 -4117 1
1216 -4391 1
2330 -5341 1
6077 -1716 1
5762 -1776 1
4598 -4446 1
2848 -1578 1
3088 -5473 1
4168 -5060 1
9338 -3631 1
1206 -1326 1
9230 -4087 1
4956 -2151 1
8645 -1215 1
3100 -1528 1
8859 -5194 1
1285 -5514 1
2027 -4645 1
3803 -5604 1
4163 -1755 1
3072 -5558 1
4663 -5141 1
7046 -5028 1
6355 -4827 1
1253 -4569 1
6646 -2987 1
1611 -1945 1
6803 -1062 1
1341 -4282 1
6686 -4035 1
1158 -1314 1
4284 -2275 1
3311 -5587 1
2401 -1090 1
9372 -4023 1
5937 -4477 1
2561 -4430 1
1550 -2152 1
9435 -1194 1
1390 -2192 1
4134 -2170 1
5973 -4476 1
3761 -2120 1
4857 -1968 1
2177 -1575 1
3791 -4070 1
4392 -2244 1
8286 -802 1
1255 -2251 1
8451 -1309 1
3005 -4246 1
4085 -1886 1
9124 -1065 1
1855 -5375 1
9265 -990 1
1163 -1148 1
1238 -2169 1
5747 -1985 1
4334 -2142 1
9399 -2726 1
1544 -2080 1
4476 -2144 1
5814 -4490 1
2786 -4487 1
1446 -2060 1
2392 -5566 1
9373 -1056 1
7502 -925 1
8911 -1526 1
8862 -5104 1
5426 -5238 1
5592 -1612 1
9453 -2798 1
8946 -4677 1
1707 -1965 1
7105 -5011 1
6674 -4080 1
5563 -4669 1
4540 -2230 1
8946 -5088 1
4754 -2294 1
1143 -2177 1
6778 -5135 1
9260 -3995 1
4665 -1221 1
1133 -2091 1
8773 -5243 1
8243 -1009 1
2019 -4242 1
3742 -4765 1
3033 -2236 1
1394 -1734 1
8712 -5041 1
4703 -2141 1
1102 -2195 1
8702 -4964 1
2321 -4481 1
2663 -5273 1
6968 -4951 1
6399 -4274 1
5071 -4483 1
2868 -993 1
9136 -1022 1
3921 -4246 1
2124 -2113 1
8638 -5040 1
7110 -4944 1
8460 -1157 1
1489 -1898 1
1148 -4160 1
9467 -3950 1
9245 -1708 1
4181 -4514 1
2294 -5172 1
1201 -1721 1
1916 -1399 1
4886 -5578 1
8671 -4945 1
1484 -976 1
3303 -1515 1
2826 -4157 1
8774 -1417 1
8809 -1489 1
4391 -4149 1
4946 -4758 1
9392 -4842 1
3129 -1551 1
9226 -4219 1
1584 -5562 1
2771 -4617 1
8917 -5535 1
7010 -5236 1
8905 -4177 1
7266 -4957 1
9138 -2678 1
5878 -5366 1
3257 -4830 1
4175 -1880 1
8414 -1518 1
1180 -1923 1
7505 -785 1
7059 -4384 1
3411 -970 1
9210 -4015 1
1211 -1874 1
7010 -5232 1
9403 -2783 1
4692 -4772 1
2506 -4338 1
5385 -1046 1
5899 -4831 1
5695 -2153 1
4115 -2151 1
1250 -2546 1
7007 -5230 1
5066 -4478 1
3165 -4453 1
9449 -3745 1
9410 -3783 1
4771 -4442 1
9353 -1041 1
4366 -4216 1
6835 -4840 1
9408 -3782 1
1222 -2718 1
6247 -3295 1
6346 -3823 1
6333 -4044 1
6147 -3422 1
6335 -3993 1
6337 -3537 1
6354 -3400 1
6150 -3551 1
6179 -3750 1
7252 -2207 1
7206 -2112 1
7299 -2226 1
7480 -2065 1
7399 -2000 1
7338 -2195 1
7296 -3702 1
7324 -3779 1
7281 -4003 1
7379 -3464 1
7205 -3871 1
7421 -3649 1
7437 -3881 1
7438 -4376 1
7383 -4229 1
7211 -4303 1
7307 -4440 1
7391 -2533 1
7307 -2345 1
7278 -2560 1
7227 -2470 1
7257 -2725 1
7375 -2743 1
7639 -4335 1
7693 -4251 1
7674 -4371 1
7677 -1010 1
7888 -2066 1
7655 -1977 1
7791 -2129 1
7823 -1961 1
7708 -1642 1
7822 -1163 1
8220 -4425 1
8275 -4340 1
8143 -1991 1
8106 -2088 1
8252 -2098 1
8219 -1627 1
8660 -2169 1
8516 -2178 1
8613 -2263 1
8583 -1887 1
8460 -2017 1
8651 -1999 1
8572 -4445 1
8444 -4249 1
8728 -4377 1
8416 -4360 1
8540 -2429 1
8683 -2515 1
8500 -2952 1
8501 -2850 1
8555 -2810 1
8647 -3478 1
8527 -3865 1
8542 -3967 1
8540 -3626 1
8639 -3970 1
8617 -3725 1
8661 -3521 1
8715 -3842 1
8605 -2622 1
3085 -9676 2
2514 -2623 2
3111 -7535 2
3917 -6137 2
3648 -5211 2
3319 -7531 2
3870 -10674 2
3920 -7920 2
19538 -36950 8
5119 -2236 2
4970 -4340 2
7017 -3690 2
7674 -2952 2
8603 -2918 2
9600 -9200 2
15689 -1976 2
15961 -8627 2
15658 -2408 2
16088 -8855 2
11554 -6233 2
15038 -7117 2
15244 -2981 2
16990 -7540 2
16908 -6921 2
14039 -6593 2
12706 -6600 2
15208 -4285 2
13286 -6268 2
14833 -4696 2
15170 -8460 2
16589 -2380 2
12944 -4670 2
14097 -6231 2
14588 -6168 2
14821 -5411 2
16796 -5903 2
16941 -5211 2
17753 -8985 2
14829 -3759 2
16789 -7795 2
12206 -4532 2
14411 -3931 2
14958 -8903 2
11335 -10470 2
12531 -10053 2
12337 -3049 2
13213 -2289 2
18606 -10600 2
2822 -10069 2
2808 -2378 2
3086 -6413 2
3043 -5533 2
3400 -6204 2
11873 -5036 2
11924 -5282 2
11644 -7463 2
11692 -5970 2
11971 -6364 2
16526 -4946 2
15369 -5801 2
16488 -6863 2
16309 -4714 2
16306 -6510 2
15845 -5285 2
15046 -5277 2
16018 -3763 2
53898 -36940 8
13007 -2788 2
18925 -3667 2
14131 -5676 2
52362 -38444 8
40154 -11484 8
3916 -1960 2
10759 -10861 2
32352 -9986 8
13033 -10631 2
14106 -8605 2
4812 -8409 2
56434 -23692 8
17796 -3455 2
10780 -10731 2
14080 -7387 2
45386 -28038 8
1149952 -576704 128
9498 -8233 2
16290 -1732 2
17150 -9456 2
192339968 -170569728 32768
14426 -9428 2
53530 -15352 8
2418 -3088 2
2688 -9567 2
10285 -9673 2
28670 -37132 8
9599 -3720 2
12372 -6216 2
37172 -42696 8
17830 -2075 2
39102 -33054 8
13840 -9110 2
7385 -3818 2
11428 -4367 2
7013 -3474 2
12373 -5760 2
17793 -7316 2
2542 -7318 2
7601 -2097 2
16794 -9376 2
16722 -7966 8
9865 -9260 2
12118 -20276 8
18070 -2361 2
5714 -2293 2
9554 -3423 2
13142 -5027 2
6315 -2726 2
3679 -9838 2
13068 -2163 2
10344 -2083 2
7114 -2100 2
6882 -2019 2
50800 -8936 8
15020 -1697 2
18562 -3427 2
52438 -38920 8
3131 -11069 2
8533 -9637 2
41198 -39782 8
44800 -41000 8
18613 -6872 2
18773 -10093 2
4817 -4531 2
18708 -2153 2
15001 -2628 2
3419 -9690 2
14069 -8096 2
3331 -10488 2
20426 -14068 8
10648 -9211 2
11279 -3183 2
4778 -2049 2
13571 -9637 2
7193 -9977 2
13641 -2827 2
12103 -9961 2
6577 -10818 2
11612 -4295 2
9294 -9676 2
14038 -2023 2
18300 -11141 2
6617 -2017 2
45742 -31150 8
3837 -2121 2
536432 -616496 128
17916 -9290 2
10882 -3075 2
246928 -241744 128
18727 -10734 2
13519 -11096 2
948208 -214864 128
11250 -2150 2
7129 -10663 2
12719 -10591 2
18835 -7147 2
13386 -5287 2
4428 -8412 2
13605 -5443 2
6615 -3084 2
72998 -10732 8
5204 -10119 2
10234 -8549 2
4058 -5039 2
3010 -2006 2
18420 -5701 2
4114 -7413 2
12193 -3214 2
8436 -3121 2
10686 -3708 2
39532 -42940 8
6039 -9334 2
18854 -5559 2
6954 -8259 2
3401 -2203 2
16792 -1619 2
4765 -3169 2
17238 -17234 8
9344 -10013 2
18756 -2608 2
12363 -9391 2
26282 -38604 8
55668 -42650 8
13072 -2471 2
8125 -3098 2
899136 -672304 128
18198 -17094 8
75432 -18158 8
40558 -36024 8
31594 -16548 8
8101 -8297 2
9914 -10048 2
16678 -1624 2
70906 -17358 8
10963 -8170 2
500176 -123488 128
67514 -8976 8
10558 -3981 2
5260 -4405 2
17594 -2037 2
53490 -30084 8
13572 -3219 2
9371 -10326 2
14588 -2376 2
5224 -9859 2
35590 -13934 8
24026 -35554 8
34860 -12782 8
13568 -10462 2
11139 -2854 2
7947 -9630 2
4379 -8969 2
74874 -23602 8
11634 -3267 2
52698 -44614 8
10766 -9701 2
59932 -8128 8
4639 -9634 2
10783 -3205 2
871168 -478048 128
3741 -9041 2
17398 -10851 2
13880 -8310 8
11483 -9547 2
43156 -41480 8
617776 -124544 128
8693 -1952 2
5122 -4465 2
3268 -3235 2
13714 -9224 2
8095 -9677 2
28316 -38544 8
14422 -10743 2
12598 -9218 2
54264 -14170 8
35780 -8056 8
12804 -8984 2
27148 -17780 8
5854 -8873 2
48122 -17338 8
12345 -8425 2
9674 -8224 8
11429 -5398 2
5316 -8469 2
8886 -10243 2
1207984 -274592 128
2530 -5634 2
13974 -9309 2
12628 -2792 2
5581 -3467 2
4040 -8854 2
3009 -9354 2
4297 -8307 2
48578 -14376 8
664528 -713280 128
9967 -2150 2
18249 -5518 2
18484 -4368 2
14542 -38630 8
73008 -12700 8
12659 -3557 2
3473 -8323 2
27110 -16564 8
36704 -13984 8
12373 -3411 2
11045 -4333 2
14962 -9403 2
10628 -44362 8
6754 -9299 2
5213 -1958 2
142981120 -144793600 32768
4244 -10629 2
25534 -37072 8
53606 -36028 8
5985 -3701 2
12629 -5098 2
18262 -5783 2
13738 -3813 2
8483 -8542 2
795824 -242736 128
53540 -29204 8
12100 -9267 2
5122 -3861 2
2937 -8415 2
9937 -9997 2
75988 -25110 8
11409 -8595 2
12205 -2098 2
75456 -30280 8
3374 -8817 2
2368 -10728 2
75506 -14234 8
6733 -8637 2
4344 -9280 2
44688 -38600 8
12026 -8509 2
13558 -8522 2
869472 -508848 128
722416 -597264 128
5888 -8434 2
23288 -17716 8
14169 -2683 2
17997 -2413 2
24504 -41280 8
10589 -2050 2
11493 -2050 2
11101 -9114 2
2687 -9230 2
75278 -20534 8
38366 -38214 8
44090 -36000 8
3916 -11159 2
40710 -37076 8
8989 -8407 2
11787 -3490 2
13075 -10910 2
11143 -9034 2
11733 -3195 2
3089 -8557 2
11494 -3777 2
13645 -4387 2
18865 -7825 2
3889 -4086 2
5632 -11098 2
26374 -10826 8
6903 -4008 2
3587 -4409 2
12100 -9641 2
3430 -2935 2
12936 -3493 2
8051 -4479 2
5722 -2078 2
4441 -3444 2
8418 -9707 2
73018 -20964 8
6006 -3485 2
38336 -35540 8
8542 -3541 2
14654 -13888 8
18357 -7366 2
11310 -6241 2
8768 -8428 2
31026 -35068 8
7885 -8291 2
50600 -10202 8
4712 -9326 2
6313 -4441 2
9820 -8584 2
8560 -9302 2
13359 -5557 2
54444032 -56207360 32768
161952 -540448 128
3417 -9272 2
5911 -3873 2
13608 -5124 2
13998 -35510 8
2943 -8892 2
17438 -2855 2
6348 -8986 2
2310 -8357 2
44190 -15230 8
75876 -20638 8
38554 -15988 8
8705 -3958 2
10382 -8216 2
8957 -10677 2
69458 -41692 8
3232 -11019 2
11911 -3807 2
11125 -3551 2
18470 -5312 2
18142 -3519 2
17375 -3005 2
53754 -23100 8
18880 -5480 2
10160 -24040 8
18965 -8479 2
8186 -4355 2
10602 -33250 8
21188 -12432 8
12493 -9025 2
3216 -1959 2
13641 -5693 2
11707 -10682 2
7060 -10492 2
18517 -4694 2
3777 -4091 2
8822 -11160 2
11575 -3907 2
8218 -8966 2
14184 -1963 2
10207 -3493 2
11323 -11190 2
13852 -2923 2
73462 -30310 8
9955 -4458 2
14513 -2841 2
18422 -4869 2
13373 -8451 2
5940 -9285 2
15215 -1623 2
2998 -3872 2
10283 -3151 2
43174 -38492 8
9279 -8233 2
35562 -38292 8
11529 -8974 2
10215 -4339 2
28352 -8086 8
15112 -1565 2
9244 -4386 2
11509 -8840 2
8825 -4341 2
9142 -4398 2
2359 -9610 2
9430 -35424 8
13987 -10063 2
2558 -4273 2
8561 -4256 2
6531 -4214 2
14563 -2968 2
6652 -9228 2
71484 -39774 8
17361 -2817 2
6184 -2046 2
5411 -8987 2
3501 -3829 2
9540 -37062 8
17497 -10139 2
70342 -39750 8
13964 -11086 2
9998 -13856 8
2508 -3836 2
12456 -7317 2
49290 -32224 8
12183 -7756 2
14501 -7009 2
14778 -5887 2
57646 -23336 8
15711 -8727 2
15323 -2347 2
62446 -12010 8
16217 -8529 2
16589 -4188 2
65026 -11910 8
17275 -8506 2
17353 -5857 2
