11410 7250 1
4862 3187 1
4000 7135 1
8920 7075 1
1630 6026 1
3377 2067 1
5642 4563 1
996 6482 1
9050 6845 1
9045 5772 1
3222 2079 1
346 6538 1
4856 2587 1
990 4507 1
2070 7166 1
4373 10368 1
10103 7272 1
2148 6044 1
4862 3626 1
2281 2071 1
11100 7272 1
2966 2079 1
6549 4564 1
2563 6026 1
9048 6486 1
8917 5878 1
9033 7694 1
9043 5472 1
12407 7273 1
6976 4542 1
4491 5735 1
9281 7272 1
4617 2077 1
8916 5600 1
9033 9035 1
1466 2073 1
3422 7135 1
9040 5170 1
995 4803 1
8186 9211 1
9033 7880 1
7292 8656 1
8918 3124 1
3073 6026 1
987 2598 1
9036 4247 1
5689 8656 1
4392 8739 1
997 5199 1
8918 3313 1
4864 4167 1
8186 9372 1
3857 6026 1
4857 2888 1
735 6024 1
4858 2464 1
1089 2075 1
10388 7272 1
4207 7160 1
4858 3492 1
8559 8197 1
999 5879 1
997 6896 1
4147 2064 1
1472 6026 1
9031 3029 1
4361 6723 1
2390 8803 1
2375 7225 1
2349 7911 1
12584 7273 1
4805 9728 1
4372 10214 1
861 7032 1
113 6398 1
8735 4566 1
5481 4563 1
8921 7213 1
9033 8559 1
2482 9022 1
4628 5617 1
9033 9736 1
861 5866 1
11707 7273 1
4868 8448 1
4809 8659 1
4491 5375 1
7234 4564 1
9046 6316 1
8915 5192 1
2373 8496 1
6182 4477 1
2347 9325 1
435 6027 1
4627 6799 1
4370 5042 1
8921 7624 1
7899 8626 1
987 2410 1
3536 7135 1
808 6586 1
4589 8631 1
9038 4789 1
4567 7160 1
9035 3941 1
4626 5205 1
861 6763 1
5349 8657 1
9033 8234 1
6024 8626 1
11965 7273 1
8129 4565 1
5358 9735 1
4863 8315 1
8328 9748 1
9033 9587 1
8557 8381 1
4918 6024 1
10630 7272 1
4480 2063 1
4371 8983 1
4626 6215 1
13026 7254 1
4368 4893 1
8918 2954 1
2427 9634 1
753 7138 1
8163 9749 1
8650 8007 1
8917 6403 1
8547 4429 1
8103 8672 1
8813 9744 1
9032 3203 1
7801 4542 1
7636 4542 1
4625 4904 1
984 3355 1
4368 9710 1
9032 3432 1
6145 8656 1
170 6031 1
4799 2122 1
987 2220 1
6823 4542 1
4416 6001 1
4406 8630 1
591 7164 1
9051 7128 1
9534 7272 1
6321 4415 1
10858 7245 1
4358 6177 1
4862 3347 1
4863 8177 1
8186 8833 1
983 3063 1
996 6731 1
12829 7273 1
6642 8656 1
9809 7241 1
4368 9578 1
4625 4723 1
998 5717 1
1784 6026 1
8921 7489 1
5220 4541 1
4709 6002 1
4972 4563 1
2325 7346 1
8051 9731 1
2384 8657 1
9055 7349 1
9033 9193 1
9045 5989 1
6959 8626 1
3286 7163 1
8917 6031 1
3785 2078 1
565 6538 1
4840 8556 1
156 6537 1
9033 3678 1
4627 7018 1
8369 8626 1
1206 7164 1
5876 8626 1
4628 5785 1
9033 3551 1
2480 7135 1
6611 4450 1
5523 8657 1
8462 9747 1
996 6364 1
9043 5603 1
9038 4638 1
4862 4324 1
5211 8657 1
4861 7733 1
9036 4384 1
994 4639 1
2606 2069 1
4626 6396 1
4358 6436 1
8918 6698 1
2278 7135 1
9039 5006 1
9033 8409 1
4857 3042 1
11535 7273 1
6349 4563 1
4627 6621 1
8470 8611 1
4303 7094 1
987 3866 1
4491 5508 1
4625 5104 1
11847 7251 1
4619 4541 1
9013 2823 1
6126 4563 1
9049 6588 1
8899 3959 1
9033 8911 1
4888 4464 1
6490 4415 1
2811 2079 1
4725 7160 1
4860 2721 1
3115 2068 1
9050 6992 1
9049 6736 1
9033 9328 1
2367 8922 1
5783 4541 1
2360 8012 1
9426 7176 1
1042 5969 1
10976 7246 1
2535 9185 1
985 3518 1
8560 8071 1
8439 4566 1
11312 7272 1
4475 5272 1
872 5422 1
8555 8527 1
996 6226 1
7349 4542 1
9033 8016 1
4280 6063 1
4388 7160 1
4371 8855 1
4628 5916 1
3657 2078 1
3343 6042 1
8916 5460 1
3711 6041 1
4626 5336 1
4812 6036 1
9033 8688 1
8921 7759 1
4367 4546 1
4863 3861 1
8862 7963 1
859 5526 1
822 5961 1
1783 7164 1
13235 7262 1
1882 6045 1
4366 9301 1
997 5495 1
4045 2077 1
8597 4045 1
8226 4542 1
1301 7135 1
115 6114 1
7053 8656 1
7685 8626 1
809 6265 1
822 6163 1
440 6158 1
629 6215 1
553 6404 1
939 6281 1
856 6019 1
327 6342 1
642 6175 1
376 6206 1
190 6188 1
853 6492 1
665 6287 1
406 6320 1
958 6024 1
667 6351 1
315 6069 1
251 6507 1
412 6367 1
924 6322 1
531 6106 1
911 6121 1
194 6334 1
932 6629 1
2379 9117 1
2485 9333 1
2468 9288 1
4492 5994 1
4463 6877 1
4477 6956 1
4480 6218 1
4521 6621 1
4542 6513 1
4490 6449 1
4514 6372 1
4441 6043 1
4599 5985 1
4572 6151 1
4528 6672 1
4450 5142 1
4516 4860 1
4597 4959 1
4496 4939 1
4544 4704 1
4539 5004 1
4466 4771 1
4463 4639 1
6378 4546 1
8889 8557 1
8550 9549 1
8658 8543 1
8773 9568 1
8353 8834 1
8706 8731 1
8385 9213 1
8740 9533 1
8641 8834 1
8490 8807 1
8391 9564 1
8898 8035 1
8922 8112 1
8841 8744 1
8357 9438 1
8536 9390 1
8776 9337 1
8701 8980 1
8840 8469 1
8377 8996 1
8329 9151 1
8886 9193 1
8335 9597 1
8666 9043 1
8653 9241 1
8887 9275 1
8317 9258 1
8219 8982 1
8601 9133 1
8519 8736 1
8718 8596 1
8955 9355 1
8745 8802 1
8759 8056 1
8845 9674 1
8580 8602 1
8450 8960 1
8897 8687 1
8203 9619 1
8722 8220 1
8692 9570 1
8533 9228 1
8964 9063 1
8841 8979 1
8602 8265 1
8420 8713 1
8812 9153 1
8532 8962 1
8759 8926 1
8481 9718 1
8746 9406 1
8643 8431 1
8536 9390 1
8698 9148 1
8734 9660 1
8603 9486 1
8895 9609 1
8467 9364 1
8839 9493 1
8650 9319 1
8189 8782 1
8691 8169 1
8846 8367 1
8805 8643 1
8830 8855 1
8586 9598 1
8701 8325 1
8297 9357 1
8446 9480 1
8926 8798 1
8288 8908 1
8284 9056 1
8759 9238 1
8282 9506 1
8777 9055 1
8611 8697 1
8476 9615 1
8794 4248 1
8750 4229 1
8797 4486 1
8902 4387 1
8725 4443 1
8662 4116 1
8660 4392 1
8825 4094 1
8958 4514 1
8658 4284 1
8687 4486 1
8875 4192 1
8743 4338 1
9088 7269 1
100 6499 1
82 6346 1
214 6610 1
557 5991 1
572 7195 1
540 7103 1
518 7169 1
820 2039 1
747 2096 1
690 2050 1
667 2082 1
899 2156 1
785 7171 1
691 7199 1
625 5997 1
793 5416 1
829 6923 1
796 6633 1
934 2296 1
953 2684 1
950 3177 1
927 3227 1
896 3377 1
954 3545 1
925 3619 1
943 4141 1
955 4385 1
957 4537 1
954 4748 1
906 5303 1
958 5089 1
983 2043 1
1045 2311 1
1063 2471 1
1039 5268 1
1081 4138 1
1024 3081 1
1013 2880 1
1019 2871 1
1031 2921 1
1042 4745 1
1042 6829 1
1035 5825 1
1032 5149 1
1029 4481 1
1046 4520 1
1026 4836 1
1109 7224 1
1005 3985 1
997 6297 1
1029 6689 1
1025 3838 1
1139 7120 1
1181 7090 1
1235 2159 1
1113 2170 1
1023 6459 1
1031 5610 1
1689 6060 1
1799 6063 1
1448 6097 1
1275 6101 1
1609 6098 1
1188 2018 1
1431 7229 1
1635 7172 1
1706 7179 1
1279 7179 1
1595 7196 1
1427 2010 1
1365 5969 1
1481 7086 1
1587 5992 1
1636 1982 1
1706 6014 1
1803 7115 1
1857 7230 1
2020 7194 1
1853 5969 1
1975 6081 1
2026 6101 1
2048 7083 1
2141 5972 1
2330 6006 1
2309 5995 1
2173 2028 1
2277 7243 1
2142 7181 1
2180 2130 1
2350 2118 1
2244 6089 1
2297 7463 1
2309 7727 1
2325 7876 1
2320 9347 1
2298 7906 1
2332 8103 1
2333 8247 1
2336 8549 1
2357 8769 1
2386 7086 1
2349 2067 1
2520 6115 1
2432 6064 1
2724 6091 1
2426 7905 1
2369 7331 1
2355 7475 1
2592 2131 1
2703 2113 1
2432 2114 1
2378 7695 1
2417 8562 1
2401 8336 1
2383 8106 1
2434 8399 1
2401 8745 1
2468 8827 1
2613 7213 1
2553 7226 1
2545 7083 1
2561 9731 1
2536 9660 1
2804 7098 1
2794 5978 1
2854 2013 1
2999 2044 1
3013 7174 1
2885 7191 1
2864 2123 1
3084 6107 1
2933 6064 1
3002 7127 1
3091 2162 1
3204 7083 1
3317 7113 1
3190 5972 1
3255 1992 1
3173 7208 1
3512 2103 1
3321 5950 1
3389 7198 1
3496 7208 1
3495 6043 1
3500 2017 1
3489 7135 1
3592 5960 1
3764 5962 1
3637 7085 1
3917 2009 1
3692 2041 1
4036 2039 1
3863 1995 1
3763 2108 1
3869 6063 1
3824 6086 1
3869 7072 1
3829 2113 1
3977 7231 1
4123 7176 1
4014 5995 1
4053 6057 1
4165 2123 1
4146 7102 1
4379 2012 1
4268 7215 1
4327 6204 1
4329 6683 1
4346 8769 1
4328 8943 1
4337 4519 1
4335 9532 1
4312 9584 1
4335 9753 1
4336 4928 1
4327 5210 1
4334 10258 1
4395 10418 1
4435 2077 1
4512 2101 1
4463 5482 1
4482 7196 1
4392 9487 1
4412 10284 1
4724 9786 1
4523 9762 1
5000 9827 1
4838 9764 1
5254 9763 1
4476 8585 1
4405 8873 1
4400 9063 1
4421 9099 1
4432 9199 1
4396 9373 1
4576 8720 1
4508 4506 1
4601 2006 1
4657 7211 1
4694 8612 1
4707 9671 1
4706 4493 1
4676 4819 1
4688 6344 1
4665 6720 1
4683 5007 1
4665 5557 1
4669 5683 1
4671 5900 1
4719 7050 1
4827 2485 1
4827 2690 1
4828 2844 1
4799 2914 1
4826 3150 1
4914 2173 1
4921 1948 1
4857 1930 1
4887 1791 1
4875 2022 1
4815 1820 1
4944 1713 1
4908 1643 1
4837 1601 1
4923 1598 1
4825 3232 1
4874 1159 1
4879 972 1
4891 685 1
4829 338 1
4867 299 1
4889 938 1
4927 504 1
4799 649 1
4879 795 1
4797 135 1
4809 87 1
4840 952 1
4898 91 1
4828 1352 1
4824 3449 1
4803 3498 1
4827 7338 1
4830 7616 1
4802 4288 1
4830 7892 1
4828 8052 1
4832 8205 1
4829 8345 1
4752 4603 1
4805 6001 1
4985 5986 1
5000 6054 1
4854 6072 1
4921 8077 1
4907 2791 1
4944 7219 1
4872 7463 1
4908 7362 1
4999 7181 1
4890 7477 1
4916 2960 1
4878 3259 1
4924 4247 1
4957 7711 1
4943 3056 1
4904 3435 1
4926 2689 1
4893 3588 1
4899 3670 1
4894 2505 1
4917 8249 1
4901 8339 1
4914 2462 1
4878 2350 1
5013 8712 1
5181 8688 1
4910 4425 1
4882 3956 1
5002 7110 1
5195 4637 1
5075 4586 1
5107 9719 1
5521 8565 1
5729 8622 1
5190 8631 1
5210 8557 1
5700 8591 1
5848 8599 1
5196 4515 1
5121 9716 1
5232 8711 1
5332 9702 1
5610 4477 1
5491 4524 1
5646 4468 1
5454 4503 1
5447 8700 1
5485 9708 1
5483 9767 1
5574 4612 1
5612 8711 1
5983 8708 1
6022 8716 1
5868 8707 1
5734 8667 1
5991 4528 1
5916 4474 1
6141 4471 1
5913 8592 1
6033 4582 1
6162 8566 1
6247 4383 1
6217 4593 1
6360 8661 1
6398 8721 1
6227 8695 1
6446 4382 1
6403 4645 1
6439 4596 1
6639 8570 1
6511 8617 1
6575 4367 1
6654 4597 1
6970 8664 1
6873 8698 1
6734 8692 1
6753 4491 1
6999 4608 1
6801 4577 1
6948 4617 1
7144 4576 1
7142 4578 1
6836 8585 1
6937 4510 1
7248 8588 1
7342 8593 1
7087 4506 1
7242 4518 1
7174 8699 1
7822 4571 1
7726 4608 1
7478 4639 1
7613 4577 1
7958 4620 1
7610 8579 1
7517 4501 1
7696 8670 1
7700 9778 1
7752 4505 1
7912 9831 1
8036 9821 1
7931 8719 1
7992 8610 1
7936 9699 1
8077 8559 1
8129 4526 1
8156 8858 1
8157 8991 1
8152 9253 1
8350 4582 1
8263 9792 1
8317 4526 1
8360 9781 1
8375 4487 1
8545 4055 1
8501 4328 1
8526 8494 1
8552 8288 1
8571 8011 1
8544 7987 1
8646 4628 1
8702 9784 1
8705 4635 1
8830 5054 1
8883 5233 1
8885 5568 1
8868 5773 1
8883 5990 1
8946 2850 1
8951 2805 1
8878 3004 1
8870 3229 1
8882 3725 1
8877 6142 1
8873 6325 1
8892 6661 1
8867 6717 1
8890 7184 1
8891 7453 1
8893 7513 1
8893 7648 1
9069 9764 1
8925 9778 1
9033 2790 1
9062 2807 1
9075 7796 1
9086 3120 1
9076 8305 1
9107 6088 1
9064 7491 1
9103 5264 1
9065 9102 1
9072 3725 1
9105 5113 1
9077 5678 1
9070 7579 1
9069 8452 1
9065 9694 1
9133 6443 1
9075 4743 1
9074 4531 1
9067 4041 1
9064 7985 1
9062 9296 1
9060 9560 1
9071 4340 1
9070 8673 1
9064 3579 1
9063 9019 1
9084 3539 1
9063 3342 1
9062 8805 1
9095 8248 1
9079 6277 1
9104 5594 1
9077 5359 1
9073 4901 1
9083 7099 1
9262 7194 1
9378 7076 1
9177 7296 1
9499 7301 1
9669 7167 1
9790 7338 1
9997 7303 1
9920 7274 1
9917 7221 1
10102 7183 1
10359 7231 1
10245 7233 1
9929 7210 1
10165 7313 1
10348 7281 1
10474 7283 1
10732 7295 1
10893 7312 1
11002 7292 1
10760 7280 1
11276 7185 1
11195 7288 1
11218 7291 1
11577 7252 1
11687 7202 1
11464 7209 1
11737 7230 1
11648 7312 1
11928 7301 1
11963 7173 1
12155 7314 1
12094 7331 1
12712 7184 1
12829 7173 1
12904 7231 1
12371 7189 1
12268 7197 1
12522 7313 1
12815 7313 1
13101 7343 1
13226 7303 1
12928 7313 1
13266 7299 1
13264 7244 1
8720 13841 2
6954 12041 2
7897 4173 2
7904 31748 8
9810 17332 2
9477 9153 2
71294 42868 8
6486 12068 2
1811 14346 2
2006 10074 2
15176 17319 2
15801 19455 2
1986 7308 2
24251 14490 2
14923 17238 2
12825 17243 2
7117 4121 2
37076 52104 8
4720 15474 2
16720 16622 8
17121 19512 2
17832 15715 2
1948 5604 2
18077 10687 2
15830 9063 2
17821 13927 2
3782 14252 2
8724 18804 2
15836 16642 8
17816 13046 2
17496 16006 2
18090 8965 2
8319 12076 2
15567 17322 2
36920 77830 8
5300 14249 2
105048 57956 8
9752 15947 2
10127 17246 2
10458 19478 2
19606 48128 8
34854 73532 8
16670 9105 2
7907 12059 2
34870 37308 8
14911 9066 2
71326 29308 8
1972 9895 2
14297 17327 2
2012 10790 2
12607 17246 2
1904 4149 2
4737 18927 2
18884 66968 8
9720 15170 2
2057 14348 2
3584 4165 2
1992 6442 2
5029 19108 2
17827 13700 2
559744 1264544 128
8701 13101 2
2797 14258 2
17830 14647 2
25359 14559 2
7448 14264 2
5103 18561 2
10012 19453 2
6107 14255 2
5335 12037 2
1336 13093 2
5412 4127 2
11876 9138 2
19281 14560 2
18085 18891 2
9737 7533 2
9707 14595 2
18090 7680 2
10646 9076 2
17830 7690 2
52260 69300 8
9748 15720 2
71220 38378 8
17839 12419 2
28832 48410 8
12706 16610 8
17833 10033 2
38682 15962 8
3178 14259 2
4666 14982 2
2003 13181 2
1982 8539 2
9273 10878 2
4997 4123 2
72246 70350 8
9737 14259 2
4659 18176 2
17070 8281 2
6824 45966 8
2596 4156 2
4705 16264 2
16356 18202 2
8943 9071 2
5822 14296 2
3984 12041 2
38804 18038 8
17820 6826 2
98400 58278 8
1966 8180 2
17390 8077 2
5912 12029 2
1209 12050 2
16363 19185 2
870 49716 8
8577 4159 2
1702 11265 2
20526 14519 2
2324 12076 2
9703 7918 2
3374 14264 2
18060 15064 2
1981 5805 2
18086 12342 2
2011 13990 2
19857 14511 2
7892 30066 8
4657 12063 2
15530 19509 2
17773 9317 2
17069 9150 2
13601 17239 2
2016 11202 2
364752 771168 128
7697 14346 2
2565 12032 2
4748 16456 2
66036 68926 8
20972 14474 2
7950 34928 8
17109 8513 2
18265 14524 2
18077 16239 2
2037 12240 2
72436 47058 8
6282 14347 2
34882 80716 8
17820 7071 2
57130 36490 8
18044 8157 2
8696 12637 2
1701 13770 2
17352 19502 2
18748 60774 8
8969 19428 2
9747 9145 2
5109 18792 2
5552 14347 2
22397 14523 2
35838 46656 8
9423 4150 2
4787 4140 2
10131 9063 2
18754 14555 2
13384 9136 2
9692 4728 2
9699 14926 2
17603 8074 2
8722 18163 2
16384 17921 2
665 12046 2
17818 9827 2
4665 18414 2
9401 17341 2
8717 9566 2
21523 14515 2
17827 11397 2
8724 10307 2
35862 44898 8
4346 14252 2
17831 19508 2
16054 9075 2
18084 6615 2
3614 52432 8
12499 9147 2
9343 12204 2
9940 14258 2
18095 9781 2
16014 17282 2
5028 19375 2
37086 55252 8
10236 19486 2
159336448 133197824 32768
8737 19963 2
8195 14259 2
72286 23422 8
43626 77884 8
9805 19445 2
16356 18951 2
8133 12059 2
3763 4147 2
1052 12424 2
574 12795 2
1565 12885 2
405 12457 2
8902 13466 2
8752 13987 2
8876 14114 2
8718 13637 2
9692 3503 2
9705 2954 2
17503 16827 2
17785 16562 2
17905 16866 2
17002 18287 2
17624 16467 2
16637 17393 2
17801 17859 2
17877 18903 2
17711 8655 2
17963 8363 2
192 13118 2
168 12051 2
584 11996 2
1256 14210 2
1891 4952 2
1888 5868 2
1916 9652 2
8092 21702 8
2058 7029 2
2045 6675 2
2904 4312 2
3453 4296 2
4637 17928 2
4592 19021 2
4810 19420 2
5406 12133 2
20646 72344 8
6431 12207 2
6705 4232 2
7077 4194 2
7358 14447 2
6919 12151 2
8539 4080 2
8525 12017 2
8640 17257 2
8723 20835 2
8817 4212 2
8802 20228 2
9643 8695 2
9320 10449 2
38892 11036 8
9743 2490 2
9701 2104 2
9669 1593 2
9650 2408 2
9667 1033 2
9700 760 2
9725 411 2
9637 7465 2
9637 15531 2
9929 17163 2
10673 9284 2
10729 17231 2
11561 9249 2
14644 17233 2
14200 17167 2
15984 9236 2
14650 9162 2
14862 17436 2
15480 19319 2
15595 17214 2
16484 9178 2
17077 8027 2
17021 16404 2
17749 5637 2
18258 8231 2
18171 13252 2
18180 13741 2
18838 14145 2
75124 55918 8
19253 14353 2
21056 14570 2
84882 57860 8
21463 14470 2
21839 14528 2
22171 14453 2
91424 58328 8
23602 14570 2
25131 14349 2
