172 280 1
300 2860 1
979 1620 1
1680 1924 1
320 2162 1
799 2500 1
1390 3220 1
1012 2050 1
495 1620 1
518 3880 1
1402 2280 1
912 3220 1
1800 3282 1
123 3834 1
1020 568 1
705 1220 1
1087 120 1
544 784 1
3880 2457 1
2720 3373 1
1040 3864 1
3280 2417 1
2320 3685 1
3880 158 1
2450 1180 1
3431 1371 1
2180 2779 1
2810 2336 1
3534 2100 1
2361 1940 1
3880 684 1
3880 3279 1
2840 3802 1
2677 2977 1
2320 3152 1
2979 1120 1
2707 1532 1
1424 3600 1
3200 2859 1
3720 2890 1
3380 297 1
2140 680 1
2060 1678 1
3011 680 1
2917 120 1
1553 120 1
3849 3680 1
31 2715 1
34 1592 1
31 1930 1
125 3370 1
572 32 1
701 287 1
2174 3929 1
1403 3947 1
2222 2518 1
1970 90 1
2178 103 1
2656 1012 1
3402 601 1
3405 77 1
223 1470 2
1033 6751 2
3553 5549 2
1106 9722 8
2326 5609 2
2808 3237 2
7755 2818 2
3749 7332 2
6778 6548 2
5709 3901 2
7724 3686 2
19752 5392 8
3477 1115 2
3913 1899 2
11796 8776 8
6788 7364 2
2269 7240 2
6641 3757 2
