955 4298 1
688 4294 1
502 4292 1
624 3548 1
1106 3635 1
165 4289 1
333 4290 1
134 3545 1
1106 3828 1
1154 4227 1
113 4037 1
1106 4132 1
113 3822 1
936 3551 1
419 3336 1
892 1692 1
1173 996 1
1931 2740 1
948 2792 1
380 2942 1
1341 546 1
3577 3874 1
3575 3714 1
2028 385 1
2240 3335 1
3717 3319 1
780 1673 1
855 2107 1
1590 3098 1
3388 2970 1
756 1963 1
303 2835 1
1534 2714 1
3453 3312 1
600 687 1
830 2386 1
1415 2835 1
3715 3145 1
3122 2778 1
822 2573 1
764 1136 1
1351 444 1
2573 2781 1
303 2526 1
3712 2857 1
904 560 1
794 1493 1
3166 3312 1
866 1966 1
3230 2949 1
2505 3309 1
3882 3951 1
905 1533 1
1879 3305 1
2280 401 1
1668 2722 1
3575 3554 1
1256 771 1
3624 2932 1
3718 3439 1
3749 4002 1
2065 3305 1
2850 2800 1
1114 1156 1
771 1778 1
3854 3666 1
2811 3310 1
2358 3309 1
654 557 1
2269 220 1
498 2940 1
1470 362 1
945 2676 1
1734 364 1
1948 176 1
920 1368 1
844 2221 1
1774 3305 1
877 1841 1
3537 2987 1
2127 391 1
801 548 1
3713 3001 1
1007 571 1
1002 1292 1
1289 2774 1
1603 3196 1
1121 2766 1
683 1074 1
3164 2872 1
878 2872 1
1494 2899 1
2030 4302 1
1674 4302 1
2313 3921 1
2311 3728 1
1324 4202 1
1671 3552 1
2292 4302 1
1347 4027 1
1817 3552 1
2313 4152 1
1350 3603 1
1418 4302 1
1348 3887 1
2313 4022 1
2310 3600 1
1777 4302 1
2551 3649 1
3031 4152 1
2553 3786 1
2557 4212 1
2979 4307 1
2555 4076 1
3031 4020 1
3031 3919 1
2598 4307 1
2554 3944 1
2596 3555 1
3551 4522 1
293 4024 1
671 3734 1
340 4056 1
970 4021 1
302 3803 1
636 4162 1
467 3706 1
812 3861 1
180 3859 1
588 3944 1
493 3893 1
754 3995 1
299 3981 1
856 4110 1
520 3687 1
464 3960 1
326 3836 1
573 4023 1
965 3725 1
918 4158 1
254 3749 1
936 3993 1
840 3733 1
180 4130 1
687 4163 1
795 3695 1
242 4161 1
177 3679 1
344 4190 1
546 3742 1
416 3794 1
800 4295 1
711 3839 1
445 3587 1
1076 4035 1
1047 4256 1
1079 3731 1
1006 4114 1
665 4064 1
788 4182 1
537 4180 1
619 3647 1
718 2756 1
784 2754 1
641 2695 1
511 2691 1
570 2544 1
601 2766 1
678 2647 1
436 2654 1
459 2866 1
705 2855 1
402 2773 1
403 2645 1
845 2669 1
557 2854 1
720 2551 1
896 1006 1
1093 754 1
960 804 1
957 1032 1
840 815 1
961 1113 1
1026 988 1
766 763 1
1065 914 1
1028 704 1
724 937 1
819 614 1
761 649 1
898 868 1
926 740 1
764 1136 1
852 1017 1
780 2472 1
1872 3733 1
1905 3925 1
1973 3926 1
2102 3870 1
2159 4142 1
1791 4103 1
1503 3726 1
1845 4074 1
1562 4095 1
1731 3869 1
2035 3674 1
2121 4054 1
1733 4042 1
2158 3810 1
1590 3947 1
1926 4125 1
1831 3727 1
1587 4236 1
1467 3716 1
1808 3977 1
2084 4175 1
1969 3843 1
1775 3620 1
1531 3887 1
1954 4091 1
1454 3760 1
1700 4102 1
1819 3825 1
1488 3983 1
2064 3767 1
1407 4201 1
1420 4140 1
1613 3827 1
2149 3957 1
1935 4255 1
2031 4010 1
1884 3632 1
2222 4064 1
1804 309 1
1496 250 1
2092 346 1
1658 295 1
2134 247 1
1941 248 1
2172 357 1
1851 205 1
2657 3115 1
2394 2956 1
3009 2947 1
1560 2790 1
2201 2941 1
2916 3049 1
2586 3080 1
3474 3210 1
2287 2834 1
1723 2893 1
2462 3098 1
2163 3052 1
2593 2953 1
2261 3254 1
1682 2958 1
1732 3232 1
3275 3173 1
3518 3094 1
2057 2824 1
3672 3152 1
2199 3198 1
2521 3233 1
2990 3174 1
3283 3094 1
3049 3018 1
2750 3252 1
2531 2852 1
1955 3122 1
1876 2917 1
3538 3225 1
1926 2917 1
1904 3073 1
2077 2898 1
2369 3028 1
2657 3214 1
2908 3179 1
2421 3153 1
2798 2976 1
2788 3178 1
2636 2980 1
2822 3083 1
3654 3112 1
2700 2818 1
2498 2983 1
3120 3059 1
3439 3177 1
1813 2732 1
2323 3176 1
1818 2834 1
3148 3134 1
3424 3146 1
2007 3124 1
3027 3197 1
1560 2790 1
1990 3194 1
2044 3171 1
3407 3217 1
1852 3226 1
1668 2889 1
2871 2904 1
2409 2856 1
1790 2969 1
2185 2842 1
2714 2915 1
2862 4044 1
2850 3774 1
2758 3709 1
2690 4109 1
2825 3850 1
2766 4134 1
2948 4149 1
2897 3629 1
2978 3800 1
2698 3951 1
2606 3701 1
2881 3898 1
2777 3610 1
2668 3782 1
2760 4026 1
2655 4202 1
2858 4192 1
3705 3754 1
3830 3886 1
3732 3865 1
85 3527 1
113 3867 1
77 4280 1
107 4328 1
275 4327 1
273 3346 1
228 3231 1
289 2977 1
301 2915 1
223 2661 1
276 2451 1
393 3495 1
561 3372 1
687 3355 1
550 3294 1
1583 3337 1
1447 3394 1
1461 3357 1
441 3293 1
752 3282 1
815 3326 1
395 4342 1
472 2971 1
562 599 1
537 532 1
548 736 1
604 2963 1
632 4371 1
698 1145 1
728 1889 1
708 1803 1
750 2986 1
713 1630 1
762 1461 1
914 4329 1
894 2946 1
854 2468 1
884 2291 1
898 2008 1
906 2234 1
925 1957 1
916 1801 1
883 513 1
931 1618 1
970 1450 1
1037 2832 1
1056 541 1
1081 1350 1
1129 1289 1
1122 3526 1
1143 4324 1
1152 2788 1
1174 1112 1
1243 4283 1
1329 4344 1
1301 531 1
1247 2661 1
1315 4061 1
1293 3703 1
1320 3537 1
1349 372 1
1377 2852 1
1258 866 1
1416 116 1
1337 649 1
1413 2673 1
1391 466 1
1561 3229 1
1557 4345 1
1560 2687 1
1709 387 1
1736 4302 1
1795 3513 1
1687 2687 1
1847 153 1
1846 3491 1
1991 469 1
1982 3351 1
1997 4331 1
2140 4329 1
2182 3358 1
2229 434 1
2193 4324 1
2254 3454 1
2341 3534 1
2252 165 1
2350 396 1
2353 330 1
2352 3819 1
2341 3696 1
2467 3342 1
2551 3497 1
2519 3531 1
2525 3671 1
2520 3823 1
2526 3967 1
2524 4104 1
2554 4293 1
2534 4331 1
2689 4327 1
2737 3338 1
2724 2752 1
2756 3504 1
2710 4342 1
2886 4355 1
2980 2707 1
2990 3500 1
3039 4321 1
3068 4250 1
3082 4313 1
3107 3871 1
3062 4047 1
3167 2765 1
3355 2937 1
3350 3358 1
3583 4230 1
3460 4588 1
3548 4381 1
3416 4634 1
3598 4504 1
3422 2944 1
3541 3670 1
3485 3912 1
3655 2859 1
3651 2818 1
3722 4026 1
3723 2823 1
3755 3221 1
3840 4033 1
3745 2958 1
3747 3106 1
3899 3633 1
3912 3903 1
860 29766 8
212 8283 2
8880 31470 8
6668 28342 8
214 7871 2
704 7029 2
2068 7095 2
1441 7087 2
1588 8605 2
1041 7080 2
2115 8614 2
477 7074 2
613 6575 2
2353 1199 2
4537 5513 2
2739 5402 2
1451 4425 2
7148 8124 2
4137 361 2
3690 761 2
1290 5866 2
3271 264 2
5827 6642 2
3235 6596 2
4938 5537 2
1259 1725 2
2117 5350 2
1595 5866 2
1345 4923 2
3189 728 2
4026 19944 8
6044 5509 2
7779 7540 2
1605 2676 2
3096 5956 2
1471 4165 2
6101 6685 2
3519 295 2
2376 5366 2
2831 535 2
6525 6637 2
4292 5484 2
5235 6639 2
3635 5447 2
2410 21808 8
1305 1943 2
2598 1369 2
3024 243 2
2439 1806 2
7427 7148 2
5350 5567 2
28542 27598 8
1436 4649 2
1662 2473 2
16244 21906 8
796 4971 2
4734 5527 2
12456 28306 8
3059 8624 2
3749 8622 2
2687 7578 2
4152 7088 2
17778 28266 8
2876 7095 2
3929 7116 2
4354 8593 2
5740 7112 2
5646 8607 2
6073 7471 2
5391 7105 2
6068 7030 2
5407 8601 2
6080 7245 2
1241 7810 2
885 8281 2
1872 7681 2
1843 7457 2
659 7431 2
3100 8014 2
3511 8456 2
4509 7828 2
3288 7461 2
4324 7443 2
4486 6174 2
5950 5788 2
7278 6672 2
3504 6129 2
3957 5980 2
5343 7776 2
7268 7793 2
172 7164 2
464 6262 2
1900 6629 2
8902 26726 8
2436 6644 2
11028 26716 8
1344 6619 2
1536 1014 2
2216 7115 2
2269 8101 2
2383 7382 2
2595 8038 2
3502 6683 2
17428 1536 8
4657 976 2
4630 8737 2
4716 8537 2
4701 8092 2
7139 9174 2
7184 9121 2
7224 8393 2
7186 8730 2
28336 33644 8
7070 7493 2
7915 7965 2
7509 6903 2
