5156 4541 1
1456 2074 1
4114 7135 1
9050 6836 1
9033 9179 1
2151 7166 1
988 2572 1
3642 6042 1
8921 7243 1
9033 3263 1
4038 6026 1
10813 7272 1
9047 6422 1
3679 7135 1
4925 8659 1
4861 4107 1
993 5257 1
4859 2219 1
2589 2070 1
4860 3912 1
3254 6042 1
1612 7165 1
11516 7272 1
8358 9748 1
9039 4854 1
700 7139 1
4530 7160 1
8085 4542 1
4857 3036 1
989 4271 1
4858 1558 1
9366 7272 1
1424 6026 1
4868 8240 1
12080 7272 1
2328 7386 1
1730 6045 1
9035 4166 1
8186 9281 1
859 5567 1
9864 7272 1
3522 7135 1
8916 5333 1
2382 8586 1
2293 6042 1
6623 4564 1
7711 4565 1
4626 5163 1
991 4921 1
3013 7164 1
2363 8100 1
2344 7595 1
1625 2073 1
5442 9735 1
4861 3538 1
959 2155 1
4055 2064 1
9033 8829 1
13013 7273 1
4857 6023 1
2740 6042 1
2478 7166 1
7783 8656 1
5233 9728 1
7137 4564 1
4626 6254 1
9042 5690 1
8660 4566 1
4360 6566 1
8558 8316 1
997 6741 1
999 5826 1
2180 2080 1
4491 5683 1
9043 5855 1
4371 9053 1
4625 4764 1
8915 5168 1
2343 7783 1
2497 9032 1
4371 9946 1
4364 8862 1
4190 6026 1
4565 2063 1
1245 6047 1
2896 6042 1
8012 9732 1
4627 5344 1
2345 9262 1
8918 6312 1
8701 8006 1
4704 6057 1
1094 7164 1
4626 6618 1
8186 8921 1
5035 9728 1
5358 4564 1
8918 3655 1
4858 1889 1
1299 2075 1
4861 3328 1
2365 8298 1
2389 8784 1
8901 3958 1
8919 6646 1
7060 8626 1
267 6030 1
8548 9746 1
8916 6089 1
8546 4136 1
9531 7272 1
9186 7251 1
985 3569 1
996 6230 1
4859 2417 1
9033 9623 1
997 6958 1
8920 7060 1
4862 4333 1
998 5626 1
6230 4564 1
114 6291 1
527 6538 1
4369 9726 1
1254 7135 1
9036 4466 1
9034 3849 1
2585 6042 1
812 5973 1
4859 2600 1
7855 9734 1
8547 4335 1
4626 6412 1
2539 9237 1
9031 2842 1
4358 6331 1
4478 8630 1
9040 5072 1
612 6025 1
4366 9206 1
11208 7272 1
2353 9492 1
8186 9625 1
5877 8627 1
6013 4564 1
9033 7608 1
6889 8656 1
1089 2075 1
4243 2063 1
996 6413 1
9033 9390 1
8186 9446 1
8559 8127 1
5099 8627 1
6292 4415 1
7911 4542 1
3890 2077 1
8911 4663 1
7629 8656 1
4305 7093 1
9033 3488 1
4860 7376 1
4491 5877 1
6437 4564 1
112 6444 1
4625 4977 1
8528 8554 1
8186 9092 1
4627 5539 1
1781 7165 1
8361 8626 1
983 2725 1
4668 7072 1
3440 6026 1
115 6126 1
4859 3753 1
998 5457 1
11895 7249 1
860 5745 1
2643 7135 1
995 5084 1
3828 7162 1
8734 4042 1
3049 6042 1
9033 9005 1
2504 9536 1
1425 7135 1
989 3154 1
861 6854 1
4367 4579 1
8915 4983 1
7953 8626 1
4714 2077 1
4369 4955 1
8854 7972 1
9044 6218 1
7443 8626 1
8918 3137 1
2356 7931 1
9033 7941 1
11361 7272 1
4353 6135 1
996 6567 1
9706 7272 1
421 6027 1
9044 6004 1
861 7024 1
2325 7135 1
4401 2077 1
9051 7149 1
1779 2080 1
8941 9744 1
6984 4542 1
1575 6045 1
8916 5774 1
8186 8765 1
9040 5249 1
2549 9390 1
4667 4619 1
9036 4315 1
9051 6986 1
526 6435 1
581 6137 1
673 6506 1
763 6338 1
222 6411 1
541 6286 1
379 6405 1
4414 7037 1
4549 6977 1
4513 6665 1
4462 6125 1
4563 6008 1
4572 6422 1
8502 9491 1
8658 9469 1
8726 8519 1
8872 8468 1
8557 8846 1
8804 8363 1
8690 9670 1
8795 9179 1
8683 9337 1
8555 9101 1
8443 9381 1
8840 9632 1
8771 8889 1
8846 8094 1
8691 8636 1
9033 9005 1
8796 8699 1
8856 9043 1
8301 9614 1
8303 8956 1
8379 8718 1
8449 8983 1
8923 9402 1
8750 8271 1
8688 9037 1
8932 8214 1
8771 4283 1
8954 4158 1
8751 4498 1
8988 4351 1
93 6501 1
872 2050 1
863 5432 1
1776 6017 1
2228 6066 1
2033 6008 1
2553 9658 1
3280 7116 1
3481 7186 1
4298 7196 1
4406 8668 1
4338 8624 1
4406 4511 1
4428 10345 1
4389 10378 1
4247 6008 1
4364 9501 1
4377 9436 1
4708 7127 1
4866 1364 1
4940 917 1
4812 853 1
4858 562 1
4850 794 1
4857 262 1
4859 1108 1
4861 332 1
4851 138 1
4940 7111 1
4892 1977 1
5001 5988 1
5925 8664 1
6067 4511 1
6167 8607 1
8246 9788 1
8873 4721 1
8892 6015 1
8892 3712 1
8908 6557 1
9044 4085 1
9027 4659 1
9014 9744 1
9022 3669 1
8987 7771 1
9424 7137 1
9400 7032 1
10137 7227 1
10391 7248 1
12348 7231 1
12262 17289 2
38860 22358 8
8709 13656 2
11619 9117 2
4962 19404 2
5960 4147 2
7309 4116 2
100528 58178 8
1969 5904 2
10598 17318 2
9748 15651 2
9163 19489 2
58256 69244 8
7824 26608 8
66606 36528 8
1965 8119 2
9714 15148 2
34828 75734 8
3990 12076 2
20153 14522 2
13222 17317 2
7930 30458 8
17824 15525 2
37468 69322 8
8749 10271 2
9837 14432 2
17822 11165 2
9246 13656 2
22034 14532 2
15582 16592 8
13654 9074 2
16232 17243 2
1603 13176 2
1983 9386 2
14652 9102 2
13101 8815 2
8775 9587 2
21211 14529 2
17833 14981 2
548 13088 2
6835 4170 2
4653 18002 2
18073 6040 2
11432 17302 2
35002 81530 8
9932 9135 2
82834 58184 8
9557 9029 2
72364 68670 8
12784 17278 2
18068 16193 2
17570 19493 2
6452 14303 2
9726 16829 2
15934 57048 8
5638 14315 2
6420 4152 2
25598 14517 2
23401 14508 2
18117 14706 2
24611 14528 2
15103 9136 2
8964 10849 2
2144 12132 2
1991 8923 2
18064 16662 2
7622 12069 2
1982 4735 2
11018 17291 2
1837 14339 2
44742 36368 8
9266 11563 2
9032 9099 2
9629 19463 2
4735 4148 2
18087 10970 2
5620 4141 2
105634 58148 8
38894 64610 8
16991 9017 2
71302 27072 8
8890 10520 2
766 12497 2
1450 12640 2
1544 12171 2
38772 13126 8
16899 18336 2
321 12022 2
1152 14349 2
1456 4178 2
4731 17055 2
5012 12019 2
8067 14240 2
9693 6196 2
626880 148144 128
13650 17242 2
62030 78112 8
17103 8146 2
17117 16088 2
71162 22956 8
17850 13777 2
18088 13304 2
