249 302 1
134 120 1
281 120 1
345 330 1
1380 1398 1
1845 1880 1
1880 1327 1
133 1122 1
971 1005 1
483 1268 1
573 347 1
1268 1383 1
344 1691 1
1650 1880 1
250 780 1
120 1476 1
983 608 1
863 900 1
831 405 1
1334 1494 1
1147 1132 1
1118 120 1
1698 1583 1
727 790 1
120 804 1
756 1331 1
1210 753 1
399 1880 1
330 1317 1
596 879 1
1171 1864 1
696 606 1
391 825 1
1507 1689 1
1880 1500 1
1384 1880 1
1712 1484 1
1414 309 1
1066 462 1
1140 1563 1
1166 360 1
1609 1365 1
1249 171 1
277 1519 1
1122 676 1
588 760 1
1865 1196 1
1215 1221 1
980 171 1
1289 374 1
372 693 1
1504 1880 1
537 1690 1
195 1577 1
503 420 1
932 1279 1
1625 1233 1
1396 1658 1
1446 1279 1
819 616 1
676 361 1
464 914 1
434 1635 1
1622 1656 1
981 885 1
275 1401 1
765 954 1
332 599 1
485 773 1
1311 252 1
671 703 1
1199 1643 1
1200 852 1
1509 1354 1
633 120 1
885 1616 1
989 1557 1
1880 726 1
1880 857 1
1556 968 1
1652 660 1
1583 772 1
1727 875 1
1415 625 1
1743 756 1
1628 897 1
1607 120 1
1847 120 1
246 1204 1
160 244 1
615 1346 1
792 545 1
667 457 1
881 563 1
927 500 1
1004 289 1
1165 298 1
1071 208 1
1315 1563 1
1363 1730 1
1403 1748 1
1787 1819 1
1600 1735 1
1646 1736 1
1772 1737 1
1762 1585 1
1731 1414 1
256 341 1
1026 1474 1
1810 459 1
809 1882 1
804 1684 1
1830 1174 1
1374 1950 1
1512 1978 1
1256 71 1
369 157 1
1221 677 1
632 1715 1
33 831 1
570 1867 1
1783 44 1
1931 1411 1
34 1438 1
1749 378 1
1370 191 1
925 1724 1
685 129 1
1170 399 1
154 44 1
1482 901 1
1384 596 1
717 237 1
871 162 1
1467 580 1
34 1103 1
1917 1627 1
127 702 1
610 152 1
1394 467 1
548 66 1
1104 69 1
87 709 1
58 613 1
941 1410 1
788 325 1
1923 1783 1
732 1620 1
962 1931 1
506 1914 1
94 500 1
1683 591 1
1525 71 1
174 1670 1
835 1563 1
1841 1045 1
436 100 1
585 308 1
1046 1924 1
323 53 1
724 1935 1
1908 838 1
1905 1172 1
65 177 1
1395 46 1
59 56 1
1326 739 1
1802 939 1
1195 1459 1
674 91 1
1158 1962 1
1457 335 1
1943 1572 1
1718 129 1
1970 987 1
1886 609 1
1514 717 1
1957 177 1
73 390 1
831 1914 1
443 1944 1
1944 1261 1
1834 1978 1
1668 78 1
477 318 1
252 1813 1
945 62 1
912 1387 1
101 1654 1
89 1938 1
268 814 1
1932 510 1
65 1739 1
80 1866 1
1990 588 1
1865 230 1
547 244 1
577 1579 1
289 577 1
310 1401 1
324 1529 1
429 536 1
560 1427 1
494 1373 1
464 671 1
843 1001 1
829 1243 1
720 1180 1
998 794 1
1104 598 1
1467 1604 1
1420 1455 1
1581 1397 1
1665 1511 1
1613 1103 1
1612 974 1
222 540 2
2565 3779 2
3776 3389 2
259 2613 2
8388 6334 8
2387 1917 2
2410 3481 2
1113 3172 2
11946 9476 8
404 1359 2
2278 9002 8
1213 930 2
1184 2827 2
1357 2060 2
7874 8952 8
1884 685 2
2054 2489 2
3465 2493 2
1023 3592 2
1242 2368 2
814 2306 2
3034 2147 2
788 884 2
2436 3007 2
2696 14302 8
1795 3704 2
3101 1215 2
3061 499 2
3775 701 2
2092 1944 2
3940 1377 2
2729 1903 2
2650 906 2
2486 1574 2
9614 8762 8
13000 3530 8
3606 1303 2
202 704 2
1806 181 2
3417 3911 2
97 2600 2
1210 3805 2
258 1828 2
1504 169 2
3842 2112 2
608 3822 2
2260 2549 2
201648 37264 128
3808 75 2
1980 3690 2
2196 3308 2
15090 1730 8
3802 979 2
3864 707 2
193 3162 2
1499 2764 2
824 7688 8
304 3902 2
3849 3829 2
937 1983 2
2998 8152 8
1049 3093 2
4986 8234 8
1267 1307 2
1650 1411 2
11108 10196 8
