1585 -4913 1
1585 -5142 1
1205 -5074 1
1357 -4880 1
1654 -1460 1
1440 -1045 1
1455 -1488 1
1365 -2725 1
1959 -2874 1
1503 -3765 1
1959 -3642 1
1364 -2984 1
1364 -3201 1
1536 -2594 1
1757 -3776 1
1364 -3402 1
1748 -2594 1
1959 -2662 1
1364 -3607 1
1909 -5094 1
2058 -5288 1
2119 -1275 1
1994 -1480 1
2550 -4889 1
2550 -5089 1
2574 -1299 1
2509 -1065 1
2454 -1520 1
2506 -4218 1
3005 -5077 1
2879 -5290 1
3039 -1404 1
2914 -1248 1
3474 -5180 1
3385 -1091 1
3592 -4567 1
3940 -5010 1
3804 -5175 1
3890 -5483 1
3832 -4830 1
3959 -1356 1
3834 -1520 1
3902 -4203 1
4395 -5319 1
4300 -1279 1
4396 -1059 1
4740 -5061 1
4874 -5212 1
4899 -1201 1
4764 -1446 1
4805 -4607 1
5038 -1829 1
4819 -1771 1
5235 -1814 1
5210 -5069 1
5335 -5377 1
5334 -1458 1
5230 -1274 1
5289 -4200 1
7916 -4605 1
7813 -4168 1
5773 -3135 1
7114 -3928 1
8013 -1992 1
7407 -2644 1
8794 -2358 1
5774 -3672 1
8366 -1547 1
6045 -2945 1
7114 -4330 1
8692 -3411 1
7114 -3521 1
8480 -4045 1
7122 -1789 1
9071 -3150 1
8493 -3708 1
7554 -1309 1
6434 -3889 1
8743 -4414 1
6434 -2384 1
6523 -3362 1
7483 -2981 1
8496 -2338 1
7119 -2096 1
8506 -1776 1
6511 -3036 1
6906 -3198 1
8764 -2559 1
5773 -2893 1
6044 -2388 1
6150 -4155 1
9102 -4569 1
6159 -3276 1
7979 -4348 1
8351 -4606 1
8356 -2124 1
5773 -2534 1
7621 -1942 1
7556 -4259 1
9374 -3301 1
8084 -969 1
6044 -3773 1
8469 -3429 1
7130 -2821 1
8156 -2248 1
7154 -4608 1
7249 -3731 1
8676 -3050 1
8273 -1913 1
8313 -4224 1
7850 -1678 1
7769 -1269 1
6090 -2670 1
7420 -3404 1
7462 -2207 1
7779 -2245 1
9352 -3065 1
9134 -3348 1
8119 -1726 1
8129 -4137 1
7272 -3085 1
8057 -1483 1
8124 -1246 1
5774 -3926 1
6044 -3516 1
7660 -4603 1
8870 -3309 1
7827 -1917 1
7231 -4151 1
7449 -3678 1
5774 -3422 1
7119 -2614 1
7923 -1090 1
6447 -2595 1
8156 -4518 1
6328 -3142 1
7843 -1463 1
6044 -3985 1
5665 -5042 1
5782 -4860 1
5804 -1142 1
5689 -1317 1
6129 -5356 1
6130 -4892 1
6269 -5163 1
6264 -1124 1
6144 -1282 1
6678 -4585 1
6516 -1833 1
6714 -1823 1
7555 -878 1
7555 -1084 1
8856 -5307 1
9174 -4989 1
9244 -5511 1
9184 -1368 1
1511 -5162 1
1549 -1200 1
1705 -3229 1
1515 -2998 1
1586 -2897 1
1737 -3389 1
1528 -3623 1
1763 -2999 1
1779 -2789 1
6104 -3232 1
7123 -3362 1
8131 -3834 1
7776 -3283 1
7724 -3710 1
7926 -2547 1
7992 -2640 1
8227 -3205 1
7785 -2822 1
8126 -3521 1
8334 -2541 1
8186 -3589 1
8055 -3406 1
7571 -3449 1
8429 -3970 1
7859 -2547 1
7499 -2648 1
7640 -3027 1
7912 -3460 1
7986 -3663 1
8489 -3316 1
7805 -3029 1
8043 -3064 1
7536 -3316 1
8009 -2511 1
8147 -2690 1
7966 -2309 1
7824 -3919 1
2329 -2260 1
1890 -1965 1
2216 -2095 1
1747 -2176 1
1360 -2139 1
1631 -2195 1
1162 -2114 1
1165 -5235 1
1591 -4290 1
1505 -4123 1
1334 -4227 1
1209 -4222 1
1173 -4891 1
1539 -4734 1
1783 -4668 1
1382 -4580 1
1261 -4608 1
1232 -4467 1
1530 -4487 1
1677 -4410 1
1621 -1828 1
1530 -1768 1
1681 -1954 1
1585 -1932 1
1703 -1863 1
1740 -1737 1
1323 -3762 1
1362 -2560 1
1589 -5418 1
1683 -1161 1
1895 -5330 1
1934 -4937 1
1911 -4863 1
1618 -1542 1
2247 -4544 1
1981 -4497 1
1976 -4493 1
1896 -1188 1
1945 -2569 1
2170 -4260 1
2175 -4098 1
2212 -1779 1
1988 -4092 1
2093 -4985 1
2115 -5448 1
2089 -1072 1
2380 -4893 1
2362 -5441 1
2585 -5271 1
2627 -1474 1
3492 -4734 1
3360 -4581 1
3426 -4323 1
2898 -4170 1
3445 -4953 1
3548 -4477 1
2739 -4241 1
3003 -4673 1
3150 -4484 1
3418 -4502 1
2799 -4520 1
5951 -2265 1
4895 -1965 1
4796 -2217 1
3987 -2230 1
2653 -2299 1
2750 -2124 1
3400 -1978 1
5414 -2231 1
3450 -2231 1
3309 -2087 1
2923 -2164 1
5255 -2062 1
3714 -2132 1
4125 -2179 1
2987 -2125 1
3198 -2189 1
4424 -2189 1
5729 -2217 1
3075 -1489 1
3283 -1742 1
3206 -1903 1
2821 -1850 1
3118 -1764 1
2612 -4918 1
2631 -1148 1
2829 -5042 1
2986 -4852 1
3129 -5213 1
3015 -1224 1
3411 -5150 1
3359 -1403 1
3461 -1063 1
3466 -5446 1
3527 -1294 1
3839 -4988 1
3866 -1335 1
3807 -4512 1
3862 -1044 1
3989 -1111 1
4025 -5341 1
3947 -1520 1
3968 -4892 1
4149 -4524 1
4418 -4430 1
4551 -4499 1
4620 -1754 1
4432 -1683 1
4237 -1726 1
4125 -1875 1
4560 -1896 1
4415 -4201 1
4175 -4153 1
4539 -4248 1
4738 -4144 1
4295 -5337 1
4327 -1075 1
4456 -5087 1
4383 -4863 1
4532 -1184 1
4740 -1509 1
4912 -1069 1
4707 -5457 1
4864 -4507 1
4926 -4910 1
5362 -5502 1
5101 -4928 1
5386 -1148 1
5312 -1553 1
5229 -4524 1
5220 -4581 1
5315 -5132 1
5435 -4065 1
5489 -4249 1
6453 -4623 1
6259 -4647 1
6060 -4637 1
5861 -4648 1
6233 -4582 1
5947 -4477 1
5664 -4619 1
5586 -4512 1
6250 -1693 1
6120 -1773 1
5922 -1791 1
5731 -1739 1
5644 -1805 1
5467 -1893 1
5968 -1886 1
6239 -1782 1
5704 -4830 1
5661 -1101 1
5837 -4961 1
5812 -1505 1
6079 -5094 1
6039 -4934 1
6183 -1089 1
6225 -5346 1
6142 -5497 1
6393 -3684 1
6353 -3547 1
6222 -1419 1
6276 -1556 1
6228 -1288 1
6543 -4906 1
6561 -1503 1
6619 -1102 1
6938 -1439 1
7211 -1426 1
7096 -1313 1
6729 -4115 1
6716 -3937 1
6766 -4194 1
6741 -2668 1
6742 -2529 1
6753 -2808 1
6615 -3808 1
6704 -3771 1
6729 -2213 1
6790 -3113 1
6845 -5335 1
6907 -5318 1
6866 -1827 1
6983 -5016 1
7219 -5009 1
7155 -4132 1
7064 -3829 1
6972 -3127 1
7289 -1261 1
7130 -5447 1
7694 -4543 1
8062 -879 1
8042 -4657 1
8485 -4259 1
8379 -1187 1
8506 -1853 1
8720 -2282 1
8816 -5111 1
8812 -5017 1
8695 -5032 1
8909 -5002 1
8946 -1378 1
8787 -1063 1
8886 -1269 1
8928 -1185 1
8885 -3162 1
8847 -4455 1
8964 -1827 1
9213 -5336 1
9281 -5047 1
9202 -4861 1
9162 -3544 1
9122 -3720 1
9183 -2958 1
9070 -2872 1
9375 -3500 1
9461 -3678 1
9432 -3874 1
9411 -4240 1
9408 -4221 1
9345 -1793 1
9424 -1974 1
9433 -2367 1
9408 -2587 1
9501 -2755 1
9380 -2217 1
9373 -2084 1
9381 -1385 1
9339 -1162 1
2667 -10832 2
3012 -10999 2
2535 -2887 2
3298 -2201 2
9654 -9198 8
3905 -6166 2
3945 -6796 2
15546 -30956 8
15136 -33566 8
16504 -39146 8
4063 -10994 2
3968 -9104 2
3977 -3689 2
16280 -8430 8
4870 -9089 2
4911 -3638 2
19196 -41882 8
4966 -10999 2
5033 -4285 2
23236 -38858 8
23626 -44092 8
23856 -8512 8
6686 -9809 2
27338 -43940 8
6938 -2519 2
27606 -12294 8
7594 -9199 2
7031 -3631 2
7645 -3635 2
7654 -2290 2
8597 -9722 2
8510 -10268 2
8850 -3024 2
9461 -10723 2
9544 -9685 2
9632 -8381 2
41242 -36438 8
42582 -39102 8
12843 -5610 2
17532 -7712 2
17135 -9177 2
17614 -4097 2
14247 -4755 2
16979 -5266 2
12868 -7372 2
16712 -2502 2
14830 -9154 2
739168 -290144 128
16807 -5830 2
14943 -8016 2
17607 -5639 2
15753 -1732 2
15131 -3218 2
17525 -7266 2
46528 -33348 8
17541 -3569 2
51640 -33612 8
14679 -3706 2
17572 -9224 2
17595 -8258 2
15026 -4880 2
18753 -9098 2
12870 -4254 2
13447 -6581 2
11617 -10547 2
45808 -44012 8
11643 -2940 2
12271 -2986 2
13008 -8957 2
13253 -10456 2
13458 -9803 2
849744 -699168 128
52736 -9406 8
13419 -3067 2
14293 -2207 2
56680 -43832 8
14254 -10514 2
16733 -1794 2
17484 -2283 2
18608 -10573 2
18414 -2163 2
74000 -12442 8
18520 -3658 2
11607 -5242 2
16310 -5851 2
15650 -7758 2
3895 -4144 2
198064 -576720 128
2670 -3361 2
2597 -3595 2
2278 -3693 2
4241 -2929 2
19342 -9490 8
6992 -8339 2
25538 -33822 8
7176 -8390 2
5704 -9358 2
6001 -9029 2
30930 -17072 8
12216 -4396 2
10169 -4531 2
9008 -4480 2
5863 -3083 2
24196 -14768 8
5776 -3385 2
6493 -10402 2
7609 -10882 2
8067 -10853 2
8514 -9349 2
35294 -37088 8
8884 -3782 2
34588 -43946 8
8595 -3176 2
9504 -2260 2
38778 -43754 8
9634 -9049 2
9884 -3035 2
41148 -33220 8
41330 -43274 8
10501 -3061 2
10504 -2215 2
11596 -9044 2
11647 -3830 2
11290 -10714 2
11361 -2989 2
12528 -10915 2
12560 -9848 2
13581 -2384 2
56576 -9188 8
14228 -2730 2
13521 -7245 2
13316 -4708 2
13426 -10345 2
13937 -9111 2
14207 -10121 2
17399 -10695 2
17653 -10986 2
17625 -2692 2
69870 -11088 8
71404 -14862 8
18314 -10564 2
18546 -9724 2
18376 -5447 2
18769 -8597 2
18472 -8245 2
18442 -4575 2
